2020-02-25 19:40:38.962 INFO: ----------------------------------
    This is JADE 4.5.0 - revision 6825 of 23-05-2017 10:06:04
    downloaded in Open Source, under LGPL restrictions,
    at http://jade.tilab.com/
---------------------------------------- [jade.core.Runtime beginContainer()]
2020-02-25 19:40:39.827 INFO: Listening for intra-platform commands on address:
- jicp://localhost:57342
 [jade.imtp.leap.LEAPIMTPManager initialize()]
2020-02-25 19:40:39.952 INFO: Service jade.core.management.AgentManagement initialized [jade.core.BaseService init()]
2020-02-25 19:40:39.983 INFO: Service jade.core.messaging.Messaging initialized [jade.core.BaseService init()]
2020-02-25 19:40:39.998 INFO: Service jade.core.resource.ResourceManagement initialized [jade.core.BaseService init()]
2020-02-25 19:40:40.014 INFO: Service jade.core.mobility.AgentMobility initialized [jade.core.BaseService init()]
2020-02-25 19:40:40.014 INFO: Service jade.core.event.Notification initialized [jade.core.BaseService init()]
2020-02-25 19:40:40.030 INFO: Service jade.core.messaging.TopicManagement initialized [jade.core.BaseService init()]
2020-02-25 19:40:40.299 INFO: Agent CA-Searchers@TOYS-ASSEMBLER - Starting........... [com.tilab.wade.commons.WadeAgentImpl setup()]
2020-02-25 19:40:40.315 INFO: Container-Monitor agent activated [jade.core.AgentContainerImpl startBootstrapAgents()]
2020-02-25 19:40:40.330 INFO: --------------------------------------
Agent container Searchers@localhost is ready.
-------------------------------------------- [jade.core.AgentContainerImpl joinPlatform()]
2020-02-25 19:40:40.565 INFO: Loading classes from:
file:/C:/eclipse-jee-kepler-SR1-win32-x86_64/eclipse/workspaceKepler/toysAssembler/deploy/wcl/1581888799619/Storekeeper_C.jar
file:/C:/eclipse-jee-kepler-SR1-win32-x86_64/eclipse/workspaceKepler/toysAssembler/deploy/wcl/1581888799619/workflows.jar
 [com.tilab.wade.ca.WadeClassLoader getUrlList()]
2020-02-25 19:40:40.643 INFO: Agent CA-Searchers@TOYS-ASSEMBLER - STARTUP COMPLETED SUCCESSFULLY! [com.tilab.wade.commons.WadeAgentImpl setup()]
2020-02-25 19:40:40.721 INFO: CA CA-Searchers@TOYS-ASSEMBLER: updating existing container info [com.tilab.wade.ca.ControllerAgent handleAddedContainer()]
2020-02-25 19:40:40.752 INFO: CA CA-Searchers@TOYS-ASSEMBLER: creating new container info [com.tilab.wade.ca.ControllerAgent handleAddedContainer()]
2020-02-25 19:40:40.783 INFO: CA CA-Searchers@TOYS-ASSEMBLER: CreateAgent request received from cfa@TOYS-ASSEMBLER. Name = searcher2 class = toysassembler.searcher.SearcherAgent arguments = {AGENT-TYPE=Searcher Agent} [com.tilab.wade.ca.ControllerAgent serveCreateAgent()]
2020-02-25 19:40:40.815 INFO: CA CA-Searchers@TOYS-ASSEMBLER: Local agent searcher2@TOYS-ASSEMBLER successfully started [com.tilab.wade.ca.ControllerAgent serveCreateAgent()]
2020-02-25 19:40:40.815 INFO: Agent searcher2@TOYS-ASSEMBLER - Starting........... [com.tilab.wade.commons.WadeAgentImpl setup()]
2020-02-25 19:40:40.830 INFO: Agent searcher2@TOYS-ASSEMBLER - Ready ... [com.tilab.wade.performer.WorkflowEngineAgent agentSpecificSetup()]
2020-02-25 19:40:40.877 INFO: CA CA-Searchers@TOYS-ASSEMBLER: CreateAgent request received from cfa@TOYS-ASSEMBLER. Name = searcher1 class = toysassembler.searcher.SearcherAgent arguments = {AGENT-TYPE=Searcher Agent} [com.tilab.wade.ca.ControllerAgent serveCreateAgent()]
2020-02-25 19:40:40.877 INFO: CA CA-Searchers@TOYS-ASSEMBLER: Local agent searcher1@TOYS-ASSEMBLER successfully started [com.tilab.wade.ca.ControllerAgent serveCreateAgent()]
2020-02-25 19:40:40.893 INFO: Agent searcher1@TOYS-ASSEMBLER - Starting........... [com.tilab.wade.commons.WadeAgentImpl setup()]
2020-02-25 19:40:40.893 INFO: Agent searcher1@TOYS-ASSEMBLER - Ready ... [com.tilab.wade.performer.WorkflowEngineAgent agentSpecificSetup()]
2020-02-25 19:40:40.908 INFO: Agent searcher2@TOYS-ASSEMBLER - STARTUP COMPLETED SUCCESSFULLY! [com.tilab.wade.commons.WadeAgentImpl setup()]
2020-02-25 19:40:40.951 INFO: Agent searcher1@TOYS-ASSEMBLER - STARTUP COMPLETED SUCCESSFULLY! [com.tilab.wade.commons.WadeAgentImpl setup()]
2020-02-25 19:40:41.422 INFO: ----------------------------------
    This is JADE 4.5.0 - revision 6825 of 23-05-2017 10:06:04
    downloaded in Open Source, under LGPL restrictions,
    at http://jade.tilab.com/
---------------------------------------- [jade.core.Runtime beginContainer()]
2020-02-25 19:40:41.825 INFO: Listening for intra-platform commands on address:
- jicp://localhost:57342
 [jade.imtp.leap.LEAPIMTPManager initialize()]
2020-02-25 19:40:41.825 INFO: Service jade.core.management.AgentManagement initialized [jade.core.BaseService init()]
2020-02-25 19:40:41.825 INFO: Service jade.core.messaging.Messaging initialized [jade.core.BaseService init()]
2020-02-25 19:40:41.825 INFO: Service jade.core.resource.ResourceManagement initialized [jade.core.BaseService init()]
2020-02-25 19:40:41.825 INFO: Service jade.core.mobility.AgentMobility initialized [jade.core.BaseService init()]
2020-02-25 19:40:41.825 INFO: Service jade.core.event.Notification initialized [jade.core.BaseService init()]
2020-02-25 19:40:41.825 INFO: Service jade.core.messaging.TopicManagement initialized [jade.core.BaseService init()]
2020-02-25 19:40:41.848 INFO: Container-Monitor agent activated [jade.core.AgentContainerImpl startBootstrapAgents()]
2020-02-25 19:40:41.848 INFO: Agent CA-Assembler@TOYS-ASSEMBLER - Starting........... [com.tilab.wade.commons.WadeAgentImpl setup()]
2020-02-25 19:40:41.863 INFO: --------------------------------------
Agent container Assembler@localhost is ready.
-------------------------------------------- [jade.core.AgentContainerImpl joinPlatform()]
2020-02-25 19:40:41.863 INFO: CA CA-Searchers@TOYS-ASSEMBLER: creating new container info [com.tilab.wade.ca.ControllerAgent handleAddedContainer()]
2020-02-25 19:40:41.879 INFO: Agent CA-Assembler@TOYS-ASSEMBLER - STARTUP COMPLETED SUCCESSFULLY! [com.tilab.wade.commons.WadeAgentImpl setup()]
2020-02-25 19:40:41.894 INFO: CA CA-Assembler@TOYS-ASSEMBLER: CreateAgent request received from cfa@TOYS-ASSEMBLER. Name = assembler class = toysassembler.assembler.AssemblerAgent arguments = {AGENT-TYPE=Assembler Agent} [com.tilab.wade.ca.ControllerAgent serveCreateAgent()]
2020-02-25 19:40:41.910 INFO: CA CA-Assembler@TOYS-ASSEMBLER: Local agent assembler@TOYS-ASSEMBLER successfully started [com.tilab.wade.ca.ControllerAgent serveCreateAgent()]
2020-02-25 19:40:41.910 INFO: Agent assembler@TOYS-ASSEMBLER - Starting........... [com.tilab.wade.commons.WadeAgentImpl setup()]
2020-02-25 19:40:41.910 INFO: Agent assembler@TOYS-ASSEMBLER - Ready ... [com.tilab.wade.performer.WorkflowEngineAgent agentSpecificSetup()]
2020-02-25 19:40:42.082 INFO: CA CA-Assembler@TOYS-ASSEMBLER: creating new container info [com.tilab.wade.ca.ControllerAgent handleAddedContainer()]
2020-02-25 19:40:42.098 INFO: CA CA-Assembler@TOYS-ASSEMBLER: updating existing container info [com.tilab.wade.ca.ControllerAgent handleAddedContainer()]
2020-02-25 19:40:42.113 INFO: CA CA-Assembler@TOYS-ASSEMBLER: creating new container info [com.tilab.wade.ca.ControllerAgent handleAddedContainer()]
2020-02-25 19:40:42.567 INFO: Agent assembler@TOYS-ASSEMBLER - STARTUP COMPLETED SUCCESSFULLY! [com.tilab.wade.commons.WadeAgentImpl setup()]
2020-02-25 19:40:50.733 INFO: CA CA-Searchers@TOYS-ASSEMBLER: New CA leader is CA-Searchers@TOYS-ASSEMBLER [com.tilab.wade.ca.ControllerAgent$1 leaderElected()]
2020-02-25 19:40:50.736 INFO: CA CA-Searchers@TOYS-ASSEMBLER: Leadership acquired [com.tilab.wade.ca.ControllerAgent becomeLeader()]
2020-02-25 19:40:50.737 INFO: CA CA-Assembler@TOYS-ASSEMBLER: New CA leader is CA-Searchers@TOYS-ASSEMBLER [com.tilab.wade.ca.ControllerAgent$1 leaderElected()]
2020-02-25 20:50:26.534 WARNING: Workflow status manager agents not available but not required. Workflow persistence functions are disabled. [com.tilab.wade.performer.StatusManager <init>()]
2020-02-25 20:50:26.538 INFO: Agent assembler@TOYS-ASSEMBLER - Executor DESKTOP-4MO2C6R:-3bb964c8:1707eef33ba:-7fd9:1: STARTED. [com.tilab.wade.performer.WorkflowEngineAgent$WorkflowExecutor onStart()]
2020-02-25 20:50:26.545 INFO: Agent assembler@TOYS-ASSEMBLER - Executor DESKTOP-4MO2C6R:-3bb964c8:1707eef33ba:-7fd9:2: STARTED. [com.tilab.wade.performer.WorkflowEngineAgent$WorkflowExecutor onStart()]
2020-02-25 20:50:26.560 INFO: Agent assembler@TOYS-ASSEMBLER - Executor DESKTOP-4MO2C6R:-3bb964c8:1707eef33ba:-7fd9:3: STARTED. [com.tilab.wade.performer.WorkflowEngineAgent$WorkflowExecutor onStart()]
2020-02-25 20:50:27.124 WARNING: Unable to find required classes (javax.activation.DataHandler and javax.mail.internet.MimeMultipart). Attachment support is disabled. [org.apache.axis.utils.JavaUtils isAttachmentSupported()]
2020-02-25 20:50:28.803 WARNING: Agent assembler@TOYS-ASSEMBLER - Executor DESKTOP-4MO2C6R:-3bb964c8:1707eef33ba:-7fd9:1: com.tilab.wade.performer.event.ExecutionErrorEvent in workflow toysassembler.workflows.AssemblingToysWorkflow, activity GetComponentSetCoordinates. Exception is com.tilab.wade.performer.WorkflowException: Uncaught exception in activity  GetComponentSetCoordinates [nested org.apache.axis.AxisFault: ; nested exception is: 
	java.net.ConnectException: Connection refused: connect] [com.tilab.wade.performer.WorkflowEngineAgent handleEvent()]
2020-02-25 20:50:28.803 WARNING: Agent assembler@TOYS-ASSEMBLER - Executor DESKTOP-4MO2C6R:-3bb964c8:1707eef33ba:-7fd9:3: com.tilab.wade.performer.event.ExecutionErrorEvent in workflow toysassembler.workflows.AssemblingToysWorkflow, activity GetComponentSetCoordinates. Exception is com.tilab.wade.performer.WorkflowException: Uncaught exception in activity  GetComponentSetCoordinates [nested org.apache.axis.AxisFault: ; nested exception is: 
	java.net.ConnectException: Connection refused: connect] [com.tilab.wade.performer.WorkflowEngineAgent handleEvent()]
2020-02-25 20:50:28.803 WARNING: Agent assembler@TOYS-ASSEMBLER - Executor DESKTOP-4MO2C6R:-3bb964c8:1707eef33ba:-7fd9:2: com.tilab.wade.performer.event.ExecutionErrorEvent in workflow toysassembler.workflows.AssemblingToysWorkflow, activity GetComponentSetCoordinates. Exception is com.tilab.wade.performer.WorkflowException: Uncaught exception in activity  GetComponentSetCoordinates [nested org.apache.axis.AxisFault: ; nested exception is: 
	java.net.ConnectException: Connection refused: connect] [com.tilab.wade.performer.WorkflowEngineAgent handleEvent()]
2020-02-25 20:50:28.818 INFO: Agent assembler@TOYS-ASSEMBLER - Executor DESKTOP-4MO2C6R:-3bb964c8:1707eef33ba:-7fd9:1: FAILED. [com.tilab.wade.performer.WorkflowEngineAgent$WorkflowExecutor$2 handle()]
2020-02-25 20:50:28.818 INFO: Agent assembler@TOYS-ASSEMBLER - Executor DESKTOP-4MO2C6R:-3bb964c8:1707eef33ba:-7fd9:3: FAILED. [com.tilab.wade.performer.WorkflowEngineAgent$WorkflowExecutor$2 handle()]
2020-02-25 20:50:28.818 INFO: Agent assembler@TOYS-ASSEMBLER - Executor DESKTOP-4MO2C6R:-3bb964c8:1707eef33ba:-7fd9:3: TERMINATED. [com.tilab.wade.performer.WorkflowEngineAgent$WorkflowExecutor terminate()]
2020-02-25 20:50:28.818 INFO: Agent assembler@TOYS-ASSEMBLER - Executor DESKTOP-4MO2C6R:-3bb964c8:1707eef33ba:-7fd9:1: TERMINATED. [com.tilab.wade.performer.WorkflowEngineAgent$WorkflowExecutor terminate()]
2020-02-25 20:50:28.818 WARNING: Agent assembler - Controller assembler-0-1582681816136 FAILURE received. [com.tilab.wade.dispatcher.DispatchingCapabilities$ExecutionControllerBehaviour handleFailure()]
2020-02-25 20:50:28.828 INFO: Agent assembler@TOYS-ASSEMBLER - Executor DESKTOP-4MO2C6R:-3bb964c8:1707eef33ba:-7fd9:2: FAILED. [com.tilab.wade.performer.WorkflowEngineAgent$WorkflowExecutor$2 handle()]
2020-02-25 20:50:28.829 INFO: Agent assembler@TOYS-ASSEMBLER - Executor DESKTOP-4MO2C6R:-3bb964c8:1707eef33ba:-7fd9:2: TERMINATED. [com.tilab.wade.performer.WorkflowEngineAgent$WorkflowExecutor terminate()]
2020-02-25 20:50:31.577 WARNING: Agent assembler - Controller assembler-2-1582681820718 FAILURE received. [com.tilab.wade.dispatcher.DispatchingCapabilities$ExecutionControllerBehaviour handleFailure()]
2020-02-25 20:50:32.514 WARNING: Agent assembler - Controller assembler-1-1582681819996 FAILURE received. [com.tilab.wade.dispatcher.DispatchingCapabilities$ExecutionControllerBehaviour handleFailure()]
2020-02-25 20:50:35.422 INFO: Agent assembler@TOYS-ASSEMBLER - Executor DESKTOP-4MO2C6R:-3bb964c8:1707eef33ba:-7fd9:4: STARTED. [com.tilab.wade.performer.WorkflowEngineAgent$WorkflowExecutor onStart()]
2020-02-25 20:50:36.478 WARNING: Agent assembler@TOYS-ASSEMBLER - Executor DESKTOP-4MO2C6R:-3bb964c8:1707eef33ba:-7fd9:4: com.tilab.wade.performer.event.ExecutionErrorEvent in workflow toysassembler.workflows.AssemblingToysWorkflow, activity GetComponentSetCoordinates. Exception is com.tilab.wade.performer.WorkflowException: Uncaught exception in activity  GetComponentSetCoordinates [nested org.apache.axis.AxisFault: ; nested exception is: 
	java.net.ConnectException: Connection refused: connect] [com.tilab.wade.performer.WorkflowEngineAgent handleEvent()]
2020-02-25 20:50:36.478 INFO: Agent assembler@TOYS-ASSEMBLER - Executor DESKTOP-4MO2C6R:-3bb964c8:1707eef33ba:-7fd9:4: FAILED. [com.tilab.wade.performer.WorkflowEngineAgent$WorkflowExecutor$2 handle()]
2020-02-25 20:50:36.478 INFO: Agent assembler@TOYS-ASSEMBLER - Executor DESKTOP-4MO2C6R:-3bb964c8:1707eef33ba:-7fd9:4: TERMINATED. [com.tilab.wade.performer.WorkflowEngineAgent$WorkflowExecutor terminate()]
2020-02-25 20:50:36.494 WARNING: Agent assembler - Controller assembler-3-1582681835422 FAILURE received. [com.tilab.wade.dispatcher.DispatchingCapabilities$ExecutionControllerBehaviour handleFailure()]
2020-02-25 21:11:59.420 INFO: CA CA-Assembler@TOYS-ASSEMBLER - Agent assembler in container Assembler dead [com.tilab.wade.ca.ControllerAgent handleDeadAgent()]
2020-02-25 21:11:59.435 INFO: CA CA-Assembler@TOYS-ASSEMBLER: Re-starting local agent assembler. Class = toysassembler.assembler.AssemblerAgent arguments = {AGENT-LOCATION=Assembler, AGENT-ROLE=Workflow Executor, AGENT-TYPE=Assembler Agent, HOSTNAME=desktop-4mo2c6r, AGENT-CLASSNAME=toysassembler.assembler.AssemblerAgent, _RESTARTING=true, HOSTADDRESS=10.0.75.1, AGENT-OWNER=NONE} [com.tilab.wade.ca.ControllerAgent restartLocalAgent()]
2020-02-25 21:11:59.435 INFO: CA CA-Searchers@TOYS-ASSEMBLER - Agent assembler in container Assembler dead [com.tilab.wade.ca.ControllerAgent handleDeadAgent()]
2020-02-25 21:11:59.439 INFO: CA CA-Assembler@TOYS-ASSEMBLER: Local agent assembler@TOYS-ASSEMBLER successfully re-started [com.tilab.wade.ca.ControllerAgent restartLocalAgent()]
2020-02-25 21:11:59.451 INFO: Agent assembler@TOYS-ASSEMBLER - Starting........... [com.tilab.wade.commons.WadeAgentImpl setup()]
2020-02-25 21:11:59.451 INFO: Agent assembler@TOYS-ASSEMBLER - Ready ... [com.tilab.wade.performer.WorkflowEngineAgent agentSpecificSetup()]
2020-02-25 21:11:59.623 INFO: Agent assembler@TOYS-ASSEMBLER - STARTUP COMPLETED SUCCESSFULLY! [com.tilab.wade.commons.WadeAgentImpl setup()]
2020-02-25 21:12:01.125 INFO: CA CA-Searchers@TOYS-ASSEMBLER - Agent assembler in container Assembler dead [com.tilab.wade.ca.ControllerAgent handleDeadAgent()]
2020-02-25 21:12:01.125 INFO: CA CA-Assembler@TOYS-ASSEMBLER - Agent assembler in container Assembler dead [com.tilab.wade.ca.ControllerAgent handleDeadAgent()]
2020-02-25 21:12:01.125 INFO: CA CA-Assembler@TOYS-ASSEMBLER: Re-starting local agent assembler. Class = toysassembler.assembler.AssemblerAgent arguments = {AGENT-LOCATION=Assembler, AGENT-ROLE=Workflow Executor, AGENT-TYPE=Assembler Agent, HOSTNAME=desktop-4mo2c6r, AGENT-CLASSNAME=toysassembler.assembler.AssemblerAgent, _RESTARTING=true, HOSTADDRESS=10.0.75.1, AGENT-OWNER=NONE} [com.tilab.wade.ca.ControllerAgent restartLocalAgent()]
2020-02-25 21:12:01.141 INFO: CA CA-Assembler@TOYS-ASSEMBLER: Local agent assembler@TOYS-ASSEMBLER successfully re-started [com.tilab.wade.ca.ControllerAgent restartLocalAgent()]
2020-02-25 21:12:01.141 INFO: Agent assembler@TOYS-ASSEMBLER - Starting........... [com.tilab.wade.commons.WadeAgentImpl setup()]
2020-02-25 21:12:01.156 INFO: Agent assembler@TOYS-ASSEMBLER - Ready ... [com.tilab.wade.performer.WorkflowEngineAgent agentSpecificSetup()]
2020-02-25 21:12:01.275 INFO: Agent assembler@TOYS-ASSEMBLER - STARTUP COMPLETED SUCCESSFULLY! [com.tilab.wade.commons.WadeAgentImpl setup()]
2020-02-25 21:12:05.585 INFO: CA CA-Assembler@TOYS-ASSEMBLER: PrepareForShutdown request received from cfa@TOYS-ASSEMBLER [com.tilab.wade.ca.ControllerAgent servePrepareForShutdown()]
2020-02-25 21:12:05.586 INFO: CA CA-Searchers@TOYS-ASSEMBLER: PrepareForShutdown request received from cfa@TOYS-ASSEMBLER [com.tilab.wade.ca.ControllerAgent servePrepareForShutdown()]
2020-02-25 21:12:05.764 INFO: CA CA-Searchers@TOYS-ASSEMBLER - Control agent CA-Assembler removed. [com.tilab.wade.ca.ControllerAgent handleDeadAgent()]
2020-02-25 21:12:05.780 INFO: Agent searcher2@TOYS-ASSEMBLER - Terminated [com.tilab.wade.performer.WorkflowEngineAgent takeDown()]
2020-02-25 21:12:05.780 INFO: Agent searcher1@TOYS-ASSEMBLER - Terminated [com.tilab.wade.performer.WorkflowEngineAgent takeDown()]
2020-02-25 21:12:05.795 INFO: MessageManager shutting down ... [jade.core.messaging.MessageManager shutdown()]
2020-02-25 23:13:49.138 INFO: ----------------------------------
    This is JADE 4.5.0 - revision 6825 of 23-05-2017 10:06:04
    downloaded in Open Source, under LGPL restrictions,
    at http://jade.tilab.com/
---------------------------------------- [jade.core.Runtime beginContainer()]
2020-02-25 23:13:50.019 INFO: Listening for intra-platform commands on address:
- jicp://localhost:59124
 [jade.imtp.leap.LEAPIMTPManager initialize()]
2020-02-25 23:13:50.035 INFO: Service jade.core.management.AgentManagement initialized [jade.core.BaseService init()]
2020-02-25 23:13:50.035 INFO: Service jade.core.messaging.Messaging initialized [jade.core.BaseService init()]
2020-02-25 23:13:50.035 INFO: Service jade.core.resource.ResourceManagement initialized [jade.core.BaseService init()]
2020-02-25 23:13:50.035 INFO: Service jade.core.mobility.AgentMobility initialized [jade.core.BaseService init()]
2020-02-25 23:13:50.035 INFO: Service jade.core.event.Notification initialized [jade.core.BaseService init()]
2020-02-25 23:13:50.035 INFO: Service jade.core.messaging.TopicManagement initialized [jade.core.BaseService init()]
2020-02-25 23:13:50.056 INFO: Agent CA-Assembler@TOYS-ASSEMBLER - Starting........... [com.tilab.wade.commons.WadeAgentImpl setup()]
2020-02-25 23:13:50.056 INFO: Container-Monitor agent activated [jade.core.AgentContainerImpl startBootstrapAgents()]
2020-02-25 23:13:50.056 INFO: --------------------------------------
Agent container Assembler@localhost is ready.
-------------------------------------------- [jade.core.AgentContainerImpl joinPlatform()]
2020-02-25 23:13:50.139 INFO: Agent CA-Assembler@TOYS-ASSEMBLER - STARTUP COMPLETED SUCCESSFULLY! [com.tilab.wade.commons.WadeAgentImpl setup()]
2020-02-25 23:13:50.279 INFO: CA CA-Assembler@TOYS-ASSEMBLER: updating existing container info [com.tilab.wade.ca.ControllerAgent handleAddedContainer()]
2020-02-25 23:13:50.288 INFO: CA CA-Assembler@TOYS-ASSEMBLER: creating new container info [com.tilab.wade.ca.ControllerAgent handleAddedContainer()]
2020-02-25 23:13:50.303 INFO: CA CA-Assembler@TOYS-ASSEMBLER: CreateAgent request received from cfa@TOYS-ASSEMBLER. Name = assembler class = toysassembler.assembler.AssemblerAgent arguments = {AGENT-TYPE=Assembler Agent} [com.tilab.wade.ca.ControllerAgent serveCreateAgent()]
2020-02-25 23:13:50.303 INFO: CA CA-Assembler@TOYS-ASSEMBLER: Local agent assembler@TOYS-ASSEMBLER successfully started [com.tilab.wade.ca.ControllerAgent serveCreateAgent()]
2020-02-25 23:13:50.303 INFO: Agent assembler@TOYS-ASSEMBLER - Starting........... [com.tilab.wade.commons.WadeAgentImpl setup()]
2020-02-25 23:13:50.303 INFO: Agent assembler@TOYS-ASSEMBLER - Ready ... [com.tilab.wade.performer.WorkflowEngineAgent agentSpecificSetup()]
2020-02-25 23:13:50.503 INFO: Agent assembler@TOYS-ASSEMBLER - STARTUP COMPLETED SUCCESSFULLY! [com.tilab.wade.commons.WadeAgentImpl setup()]
2020-02-25 23:13:50.971 INFO: ----------------------------------
    This is JADE 4.5.0 - revision 6825 of 23-05-2017 10:06:04
    downloaded in Open Source, under LGPL restrictions,
    at http://jade.tilab.com/
---------------------------------------- [jade.core.Runtime beginContainer()]
2020-02-25 23:13:51.451 INFO: Listening for intra-platform commands on address:
- jicp://localhost:59124
 [jade.imtp.leap.LEAPIMTPManager initialize()]
2020-02-25 23:13:51.456 INFO: Service jade.core.management.AgentManagement initialized [jade.core.BaseService init()]
2020-02-25 23:13:51.457 INFO: Service jade.core.messaging.Messaging initialized [jade.core.BaseService init()]
2020-02-25 23:13:51.457 INFO: Service jade.core.resource.ResourceManagement initialized [jade.core.BaseService init()]
2020-02-25 23:13:51.457 INFO: Service jade.core.mobility.AgentMobility initialized [jade.core.BaseService init()]
2020-02-25 23:13:51.457 INFO: Service jade.core.event.Notification initialized [jade.core.BaseService init()]
2020-02-25 23:13:51.457 INFO: Service jade.core.messaging.TopicManagement initialized [jade.core.BaseService init()]
2020-02-25 23:13:51.462 INFO: CA CA-Assembler@TOYS-ASSEMBLER: creating new container info [com.tilab.wade.ca.ControllerAgent handleAddedContainer()]
2020-02-25 23:13:51.462 INFO: Container-Monitor agent activated [jade.core.AgentContainerImpl startBootstrapAgents()]
2020-02-25 23:13:51.462 INFO: --------------------------------------
Agent container Searchers@localhost is ready.
-------------------------------------------- [jade.core.AgentContainerImpl joinPlatform()]
2020-02-25 23:13:51.478 INFO: Agent CA-Searchers@TOYS-ASSEMBLER - Starting........... [com.tilab.wade.commons.WadeAgentImpl setup()]
2020-02-25 23:13:51.525 INFO: Agent CA-Searchers@TOYS-ASSEMBLER - STARTUP COMPLETED SUCCESSFULLY! [com.tilab.wade.commons.WadeAgentImpl setup()]
2020-02-25 23:13:51.572 INFO: CA CA-Searchers@TOYS-ASSEMBLER: CreateAgent request received from cfa@TOYS-ASSEMBLER. Name = searcher2 class = toysassembler.searcher.SearcherAgent arguments = {AGENT-TYPE=Searcher Agent} [com.tilab.wade.ca.ControllerAgent serveCreateAgent()]
2020-02-25 23:13:51.572 INFO: CA CA-Searchers@TOYS-ASSEMBLER: Local agent searcher2@TOYS-ASSEMBLER successfully started [com.tilab.wade.ca.ControllerAgent serveCreateAgent()]
2020-02-25 23:13:51.587 INFO: Agent searcher2@TOYS-ASSEMBLER - Starting........... [com.tilab.wade.commons.WadeAgentImpl setup()]
2020-02-25 23:13:51.603 INFO: Agent searcher2@TOYS-ASSEMBLER - Ready ... [com.tilab.wade.performer.WorkflowEngineAgent agentSpecificSetup()]
2020-02-25 23:13:51.634 INFO: CA CA-Searchers@TOYS-ASSEMBLER: updating existing container info [com.tilab.wade.ca.ControllerAgent handleAddedContainer()]
2020-02-25 23:13:51.634 INFO: CA CA-Searchers@TOYS-ASSEMBLER: CreateAgent request received from cfa@TOYS-ASSEMBLER. Name = searcher1 class = toysassembler.searcher.SearcherAgent arguments = {AGENT-TYPE=Searcher Agent} [com.tilab.wade.ca.ControllerAgent serveCreateAgent()]
2020-02-25 23:13:51.634 INFO: CA CA-Searchers@TOYS-ASSEMBLER: Local agent searcher1@TOYS-ASSEMBLER successfully started [com.tilab.wade.ca.ControllerAgent serveCreateAgent()]
2020-02-25 23:13:51.650 INFO: Agent searcher1@TOYS-ASSEMBLER - Starting........... [com.tilab.wade.commons.WadeAgentImpl setup()]
2020-02-25 23:13:51.650 INFO: Agent searcher1@TOYS-ASSEMBLER - Ready ... [com.tilab.wade.performer.WorkflowEngineAgent agentSpecificSetup()]
2020-02-25 23:13:51.650 INFO: CA CA-Searchers@TOYS-ASSEMBLER: creating new container info [com.tilab.wade.ca.ControllerAgent handleAddedContainer()]
2020-02-25 23:13:51.665 INFO: CA CA-Searchers@TOYS-ASSEMBLER: creating new container info [com.tilab.wade.ca.ControllerAgent handleAddedContainer()]
2020-02-25 23:13:51.681 INFO: Agent searcher2@TOYS-ASSEMBLER - STARTUP COMPLETED SUCCESSFULLY! [com.tilab.wade.commons.WadeAgentImpl setup()]
2020-02-25 23:13:51.739 INFO: Agent searcher1@TOYS-ASSEMBLER - STARTUP COMPLETED SUCCESSFULLY! [com.tilab.wade.commons.WadeAgentImpl setup()]
2020-02-25 23:14:00.265 INFO: CA CA-Assembler@TOYS-ASSEMBLER: New CA leader is CA-Assembler@TOYS-ASSEMBLER [com.tilab.wade.ca.ControllerAgent$1 leaderElected()]
2020-02-25 23:14:00.265 INFO: CA CA-Assembler@TOYS-ASSEMBLER: Leadership acquired [com.tilab.wade.ca.ControllerAgent becomeLeader()]
2020-02-25 23:14:00.270 INFO: CA CA-Searchers@TOYS-ASSEMBLER: New CA leader is CA-Assembler@TOYS-ASSEMBLER [com.tilab.wade.ca.ControllerAgent$1 leaderElected()]
2020-02-25 23:14:18.427 WARNING: Workflow status manager agents not available but not required. Workflow persistence functions are disabled. [com.tilab.wade.performer.StatusManager <init>()]
2020-02-25 23:14:18.429 INFO: Agent assembler@TOYS-ASSEMBLER - Executor DESKTOP-4MO2C6R:-3bb964c8:1707eef33ba:-7fd9:5: STARTED. [com.tilab.wade.performer.WorkflowEngineAgent$WorkflowExecutor onStart()]
2020-02-25 23:14:19.617 WARNING: Agent assembler@TOYS-ASSEMBLER - Executor DESKTOP-4MO2C6R:-3bb964c8:1707eef33ba:-7fd9:5: com.tilab.wade.performer.event.ExecutionErrorEvent in workflow toysassembler.workflows.AssemblingToysWorkflow, activity GetComponentSetCoordinates. Exception is com.tilab.wade.performer.WorkflowException: Uncaught exception in activity  GetComponentSetCoordinates [nested org.apache.axis.AxisFault: ; nested exception is: 
	java.net.ConnectException: Connection refused: connect] [com.tilab.wade.performer.WorkflowEngineAgent handleEvent()]
2020-02-25 23:14:19.617 INFO: Agent assembler@TOYS-ASSEMBLER - Executor DESKTOP-4MO2C6R:-3bb964c8:1707eef33ba:-7fd9:5: FAILED. [com.tilab.wade.performer.WorkflowEngineAgent$WorkflowExecutor$2 handle()]
2020-02-25 23:14:19.617 WARNING: Agent assembler - Controller assembler-0-1582690448175 FAILURE received. [com.tilab.wade.dispatcher.DispatchingCapabilities$ExecutionControllerBehaviour handleFailure()]
2020-02-25 23:14:19.617 INFO: Agent assembler@TOYS-ASSEMBLER - Executor DESKTOP-4MO2C6R:-3bb964c8:1707eef33ba:-7fd9:5: TERMINATED. [com.tilab.wade.performer.WorkflowEngineAgent$WorkflowExecutor terminate()]
2020-02-25 23:14:58.264 INFO: Agent assembler@TOYS-ASSEMBLER - Executor DESKTOP-4MO2C6R:-3bb964c8:1707eef33ba:-7fd9:6: STARTED. [com.tilab.wade.performer.WorkflowEngineAgent$WorkflowExecutor onStart()]
2020-02-25 23:14:59.320 WARNING: Agent assembler@TOYS-ASSEMBLER - Executor DESKTOP-4MO2C6R:-3bb964c8:1707eef33ba:-7fd9:6: com.tilab.wade.performer.event.ExecutionErrorEvent in workflow toysassembler.workflows.AssemblingToysWorkflow, activity GetComponentSetCoordinates. Exception is com.tilab.wade.performer.WorkflowException: Uncaught exception in activity  GetComponentSetCoordinates [nested org.apache.axis.AxisFault: ; nested exception is: 
	java.net.ConnectException: Connection refused: connect] [com.tilab.wade.performer.WorkflowEngineAgent handleEvent()]
2020-02-25 23:14:59.320 INFO: Agent assembler@TOYS-ASSEMBLER - Executor DESKTOP-4MO2C6R:-3bb964c8:1707eef33ba:-7fd9:6: FAILED. [com.tilab.wade.performer.WorkflowEngineAgent$WorkflowExecutor$2 handle()]
2020-02-25 23:14:59.320 INFO: Agent assembler@TOYS-ASSEMBLER - Executor DESKTOP-4MO2C6R:-3bb964c8:1707eef33ba:-7fd9:6: TERMINATED. [com.tilab.wade.performer.WorkflowEngineAgent$WorkflowExecutor terminate()]
2020-02-25 23:14:59.336 WARNING: Agent assembler - Controller assembler-1-1582690498248 FAILURE received. [com.tilab.wade.dispatcher.DispatchingCapabilities$ExecutionControllerBehaviour handleFailure()]
2020-02-25 23:26:36.187 INFO: Agent assembler@TOYS-ASSEMBLER - Executor DESKTOP-4MO2C6R:-3bb964c8:1707eef33ba:-7fd9:7: STARTED. [com.tilab.wade.performer.WorkflowEngineAgent$WorkflowExecutor onStart()]
2020-02-25 23:26:37.242 WARNING: Agent assembler@TOYS-ASSEMBLER - Executor DESKTOP-4MO2C6R:-3bb964c8:1707eef33ba:-7fd9:7: com.tilab.wade.performer.event.ExecutionErrorEvent in workflow toysassembler.workflows.AssemblingToysWorkflow, activity GetComponentSetCoordinates. Exception is com.tilab.wade.performer.WorkflowException: Uncaught exception in activity  GetComponentSetCoordinates [nested org.apache.axis.AxisFault: ; nested exception is: 
	java.net.ConnectException: Connection refused: connect] [com.tilab.wade.performer.WorkflowEngineAgent handleEvent()]
2020-02-25 23:26:37.274 INFO: Agent assembler@TOYS-ASSEMBLER - Executor DESKTOP-4MO2C6R:-3bb964c8:1707eef33ba:-7fd9:7: FAILED. [com.tilab.wade.performer.WorkflowEngineAgent$WorkflowExecutor$2 handle()]
2020-02-25 23:26:37.274 INFO: Agent assembler@TOYS-ASSEMBLER - Executor DESKTOP-4MO2C6R:-3bb964c8:1707eef33ba:-7fd9:7: TERMINATED. [com.tilab.wade.performer.WorkflowEngineAgent$WorkflowExecutor terminate()]
2020-02-25 23:26:37.274 WARNING: Agent assembler - Controller assembler-2-1582691196187 FAILURE received. [com.tilab.wade.dispatcher.DispatchingCapabilities$ExecutionControllerBehaviour handleFailure()]
2020-02-25 23:28:06.695 INFO: CA CA-Assembler@TOYS-ASSEMBLER: PrepareForShutdown request received from cfa@TOYS-ASSEMBLER [com.tilab.wade.ca.ControllerAgent servePrepareForShutdown()]
2020-02-25 23:28:06.710 INFO: CA CA-Searchers@TOYS-ASSEMBLER: PrepareForShutdown request received from cfa@TOYS-ASSEMBLER [com.tilab.wade.ca.ControllerAgent servePrepareForShutdown()]
2020-02-25 23:28:06.891 INFO: CA CA-Searchers@TOYS-ASSEMBLER - Control agent CA-Assembler removed. [com.tilab.wade.ca.ControllerAgent handleDeadAgent()]
2020-02-25 23:28:06.891 INFO: CA CA-Searchers@TOYS-ASSEMBLER - Updating leadership... [com.tilab.wade.ca.ControllerAgent handleDeadAgent()]
2020-02-25 23:28:06.922 INFO: Agent searcher2@TOYS-ASSEMBLER - Terminated [com.tilab.wade.performer.WorkflowEngineAgent takeDown()]
2020-02-25 23:28:06.922 INFO: Agent searcher1@TOYS-ASSEMBLER - Terminated [com.tilab.wade.performer.WorkflowEngineAgent takeDown()]
2020-02-25 23:28:06.969 INFO: MessageManager shutting down ... [jade.core.messaging.MessageManager shutdown()]
2020-02-25 23:47:43.899 INFO: ----------------------------------
    This is JADE 4.5.0 - revision 6825 of 23-05-2017 10:06:04
    downloaded in Open Source, under LGPL restrictions,
    at http://jade.tilab.com/
---------------------------------------- [jade.core.Runtime beginContainer()]
2020-02-25 23:47:44.797 INFO: Listening for intra-platform commands on address:
- jicp://localhost:59205
 [jade.imtp.leap.LEAPIMTPManager initialize()]
2020-02-25 23:47:44.906 INFO: Service jade.core.management.AgentManagement initialized [jade.core.BaseService init()]
2020-02-25 23:47:44.933 INFO: Service jade.core.messaging.Messaging initialized [jade.core.BaseService init()]
2020-02-25 23:47:44.949 INFO: Service jade.core.resource.ResourceManagement initialized [jade.core.BaseService init()]
2020-02-25 23:47:44.965 INFO: Service jade.core.mobility.AgentMobility initialized [jade.core.BaseService init()]
2020-02-25 23:47:44.965 INFO: Service jade.core.event.Notification initialized [jade.core.BaseService init()]
2020-02-25 23:47:44.980 INFO: Service jade.core.messaging.TopicManagement initialized [jade.core.BaseService init()]
2020-02-25 23:47:45.232 INFO: Agent CA-Searchers@TOYS-ASSEMBLER - Starting........... [com.tilab.wade.commons.WadeAgentImpl setup()]
2020-02-25 23:47:45.247 INFO: Container-Monitor agent activated [jade.core.AgentContainerImpl startBootstrapAgents()]
2020-02-25 23:47:45.247 INFO: --------------------------------------
Agent container Searchers@localhost is ready.
-------------------------------------------- [jade.core.AgentContainerImpl joinPlatform()]
2020-02-25 23:47:45.482 INFO: Loading classes from:
file:/C:/eclipse-jee-kepler-SR1-win32-x86_64/eclipse/workspaceKepler/toysAssembler/deploy/wcl/1581888799619/Storekeeper_C.jar
file:/C:/eclipse-jee-kepler-SR1-win32-x86_64/eclipse/workspaceKepler/toysAssembler/deploy/wcl/1581888799619/workflows.jar
 [com.tilab.wade.ca.WadeClassLoader getUrlList()]
2020-02-25 23:47:45.732 INFO: Agent CA-Searchers@TOYS-ASSEMBLER - STARTUP COMPLETED SUCCESSFULLY! [com.tilab.wade.commons.WadeAgentImpl setup()]
2020-02-25 23:47:45.810 INFO: CA CA-Searchers@TOYS-ASSEMBLER: updating existing container info [com.tilab.wade.ca.ControllerAgent handleAddedContainer()]
2020-02-25 23:47:45.826 INFO: CA CA-Searchers@TOYS-ASSEMBLER: CreateAgent request received from cfa@TOYS-ASSEMBLER. Name = searcher2 class = toysassembler.searcher.SearcherAgent arguments = {AGENT-TYPE=Searcher Agent} [com.tilab.wade.ca.ControllerAgent serveCreateAgent()]
2020-02-25 23:47:45.841 INFO: CA CA-Searchers@TOYS-ASSEMBLER: Local agent searcher2@TOYS-ASSEMBLER successfully started [com.tilab.wade.ca.ControllerAgent serveCreateAgent()]
2020-02-25 23:47:45.841 INFO: Agent searcher2@TOYS-ASSEMBLER - Starting........... [com.tilab.wade.commons.WadeAgentImpl setup()]
2020-02-25 23:47:45.857 INFO: CA CA-Searchers@TOYS-ASSEMBLER: CreateAgent request received from cfa@TOYS-ASSEMBLER. Name = searcher1 class = toysassembler.searcher.SearcherAgent arguments = {AGENT-TYPE=Searcher Agent} [com.tilab.wade.ca.ControllerAgent serveCreateAgent()]
2020-02-25 23:47:45.857 INFO: Agent searcher2@TOYS-ASSEMBLER - Ready ... [com.tilab.wade.performer.WorkflowEngineAgent agentSpecificSetup()]
2020-02-25 23:47:45.857 INFO: CA CA-Searchers@TOYS-ASSEMBLER: Local agent searcher1@TOYS-ASSEMBLER successfully started [com.tilab.wade.ca.ControllerAgent serveCreateAgent()]
2020-02-25 23:47:45.857 INFO: Agent searcher1@TOYS-ASSEMBLER - Starting........... [com.tilab.wade.commons.WadeAgentImpl setup()]
2020-02-25 23:47:45.857 INFO: Agent searcher1@TOYS-ASSEMBLER - Ready ... [com.tilab.wade.performer.WorkflowEngineAgent agentSpecificSetup()]
2020-02-25 23:47:45.891 INFO: CA CA-Searchers@TOYS-ASSEMBLER: creating new container info [com.tilab.wade.ca.ControllerAgent handleAddedContainer()]
2020-02-25 23:47:45.891 INFO: Agent searcher2@TOYS-ASSEMBLER - STARTUP COMPLETED SUCCESSFULLY! [com.tilab.wade.commons.WadeAgentImpl setup()]
2020-02-25 23:47:45.907 INFO: Agent searcher1@TOYS-ASSEMBLER - STARTUP COMPLETED SUCCESSFULLY! [com.tilab.wade.commons.WadeAgentImpl setup()]
2020-02-25 23:47:46.390 INFO: ----------------------------------
    This is JADE 4.5.0 - revision 6825 of 23-05-2017 10:06:04
    downloaded in Open Source, under LGPL restrictions,
    at http://jade.tilab.com/
---------------------------------------- [jade.core.Runtime beginContainer()]
2020-02-25 23:47:46.797 INFO: Listening for intra-platform commands on address:
- jicp://localhost:59205
 [jade.imtp.leap.LEAPIMTPManager initialize()]
2020-02-25 23:47:46.797 INFO: Service jade.core.management.AgentManagement initialized [jade.core.BaseService init()]
2020-02-25 23:47:46.797 INFO: Service jade.core.messaging.Messaging initialized [jade.core.BaseService init()]
2020-02-25 23:47:46.797 INFO: Service jade.core.resource.ResourceManagement initialized [jade.core.BaseService init()]
2020-02-25 23:47:46.797 INFO: Service jade.core.mobility.AgentMobility initialized [jade.core.BaseService init()]
2020-02-25 23:47:46.797 INFO: Service jade.core.event.Notification initialized [jade.core.BaseService init()]
2020-02-25 23:47:46.797 INFO: Service jade.core.messaging.TopicManagement initialized [jade.core.BaseService init()]
2020-02-25 23:47:46.824 INFO: Container-Monitor agent activated [jade.core.AgentContainerImpl startBootstrapAgents()]
2020-02-25 23:47:46.824 INFO: --------------------------------------
Agent container Assembler@localhost is ready.
-------------------------------------------- [jade.core.AgentContainerImpl joinPlatform()]
2020-02-25 23:47:46.824 INFO: Agent CA-Assembler@TOYS-ASSEMBLER - Starting........... [com.tilab.wade.commons.WadeAgentImpl setup()]
2020-02-25 23:47:46.840 INFO: CA CA-Searchers@TOYS-ASSEMBLER: creating new container info [com.tilab.wade.ca.ControllerAgent handleAddedContainer()]
2020-02-25 23:47:46.855 INFO: Agent CA-Assembler@TOYS-ASSEMBLER - STARTUP COMPLETED SUCCESSFULLY! [com.tilab.wade.commons.WadeAgentImpl setup()]
2020-02-25 23:47:46.902 INFO: CA CA-Assembler@TOYS-ASSEMBLER: CreateAgent request received from cfa@TOYS-ASSEMBLER. Name = assembler class = toysassembler.assembler.AssemblerAgent arguments = {AGENT-TYPE=Assembler Agent} [com.tilab.wade.ca.ControllerAgent serveCreateAgent()]
2020-02-25 23:47:46.902 INFO: CA CA-Assembler@TOYS-ASSEMBLER: Local agent assembler@TOYS-ASSEMBLER successfully started [com.tilab.wade.ca.ControllerAgent serveCreateAgent()]
2020-02-25 23:47:46.947 INFO: Agent assembler@TOYS-ASSEMBLER - Starting........... [com.tilab.wade.commons.WadeAgentImpl setup()]
2020-02-25 23:47:46.959 INFO: Agent assembler@TOYS-ASSEMBLER - Ready ... [com.tilab.wade.performer.WorkflowEngineAgent agentSpecificSetup()]
2020-02-25 23:47:47.084 INFO: CA CA-Assembler@TOYS-ASSEMBLER: creating new container info [com.tilab.wade.ca.ControllerAgent handleAddedContainer()]
2020-02-25 23:47:47.208 INFO: CA CA-Assembler@TOYS-ASSEMBLER: updating existing container info [com.tilab.wade.ca.ControllerAgent handleAddedContainer()]
2020-02-25 23:47:47.224 INFO: CA CA-Assembler@TOYS-ASSEMBLER: creating new container info [com.tilab.wade.ca.ControllerAgent handleAddedContainer()]
2020-02-25 23:47:47.646 INFO: Agent assembler@TOYS-ASSEMBLER - STARTUP COMPLETED SUCCESSFULLY! [com.tilab.wade.commons.WadeAgentImpl setup()]
2020-02-25 23:47:55.812 INFO: CA CA-Searchers@TOYS-ASSEMBLER: New CA leader is CA-Searchers@TOYS-ASSEMBLER [com.tilab.wade.ca.ControllerAgent$1 leaderElected()]
2020-02-25 23:47:55.812 INFO: CA CA-Searchers@TOYS-ASSEMBLER: Leadership acquired [com.tilab.wade.ca.ControllerAgent becomeLeader()]
2020-02-25 23:47:55.814 INFO: CA CA-Assembler@TOYS-ASSEMBLER: New CA leader is CA-Searchers@TOYS-ASSEMBLER [com.tilab.wade.ca.ControllerAgent$1 leaderElected()]
2020-02-25 23:50:06.514 WARNING: Workflow status manager agents not available but not required. Workflow persistence functions are disabled. [com.tilab.wade.performer.StatusManager <init>()]
2020-02-25 23:50:06.514 INFO: Agent assembler@TOYS-ASSEMBLER - Executor DESKTOP-4MO2C6R:-7932dfb2:1707fd1ca89:-7ff3:1: STARTED. [com.tilab.wade.performer.WorkflowEngineAgent$WorkflowExecutor onStart()]
2020-02-25 23:50:06.748 WARNING: Unable to find required classes (javax.activation.DataHandler and javax.mail.internet.MimeMultipart). Attachment support is disabled. [org.apache.axis.utils.JavaUtils isAttachmentSupported()]
2020-02-25 23:50:17.306 WARNING: Workflow status manager agents not available but not required. Workflow persistence functions are disabled. [com.tilab.wade.performer.StatusManager <init>()]
2020-02-25 23:50:17.340 INFO: Agent searcher2@TOYS-ASSEMBLER - Executor DESKTOP-4MO2C6R:-7932dfb2:1707fd1ca89:-7ff3:2: STARTED. [com.tilab.wade.performer.WorkflowEngineAgent$WorkflowExecutor onStart()]
2020-02-25 23:50:27.484 WARNING: Workflow status manager agents not available but not required. Workflow persistence functions are disabled. [com.tilab.wade.performer.StatusManager <init>()]
2020-02-25 23:50:27.484 INFO: Agent searcher1@TOYS-ASSEMBLER - Executor DESKTOP-4MO2C6R:-7932dfb2:1707fd1ca89:-7ff3:3: STARTED. [com.tilab.wade.performer.WorkflowEngineAgent$WorkflowExecutor onStart()]
2020-02-25 23:50:27.562 INFO: >>>>>>>> SJB CollectComponents: suspending workflow [com.tilab.wade.performer.SubflowJoinBehaviour action()]
2020-02-25 23:50:27.562 INFO: Agent assembler@TOYS-ASSEMBLER - Executor DESKTOP-4MO2C6R:-7932dfb2:1707fd1ca89:-7ff3:1: SUSPENDED. [com.tilab.wade.performer.WorkflowEngineAgent$WorkflowExecutor onSuspended()]
2020-02-25 23:50:40.513 INFO: Agent searcher1@TOYS-ASSEMBLER - Executor DESKTOP-4MO2C6R:-7932dfb2:1707fd1ca89:-7ff3:3: SUCCEEDED. [com.tilab.wade.performer.WorkflowEngineAgent$WorkflowExecutor$1 handle()]
2020-02-25 23:50:40.529 INFO: Agent searcher1@TOYS-ASSEMBLER - Executor DESKTOP-4MO2C6R:-7932dfb2:1707fd1ca89:-7ff3:3: TERMINATED. [com.tilab.wade.performer.WorkflowEngineAgent$WorkflowExecutor terminate()]
2020-02-25 23:50:40.529 INFO: Agent searcher1@TOYS-ASSEMBLER - Executor DESKTOP-4MO2C6R:-7932dfb2:1707fd1ca89:-7ff3:5: STARTED. [com.tilab.wade.performer.WorkflowEngineAgent$WorkflowExecutor onStart()]
2020-02-25 23:50:40.576 INFO: >>>>>>>> SJB CollectComponents: received termination notification for delegation D_1582692617359-assembler-searcher1-1 of AsynchFlow ActivateSearch [com.tilab.wade.performer.SubflowJoinBehaviour$AsynchronousFlow handleTermination()]
2020-02-25 23:50:49.815 INFO: Agent searcher1@TOYS-ASSEMBLER - Executor DESKTOP-4MO2C6R:-7932dfb2:1707fd1ca89:-7ff3:5: SUCCEEDED. [com.tilab.wade.performer.WorkflowEngineAgent$WorkflowExecutor$1 handle()]
2020-02-25 23:50:49.815 INFO: Agent searcher1@TOYS-ASSEMBLER - Executor DESKTOP-4MO2C6R:-7932dfb2:1707fd1ca89:-7ff3:5: TERMINATED. [com.tilab.wade.performer.WorkflowEngineAgent$WorkflowExecutor terminate()]
2020-02-25 23:50:49.824 INFO: >>>>>>>> SJB CollectComponents: received termination notification for delegation D_1582692627562-assembler-searcher1-3 of AsynchFlow ActivateSearch [com.tilab.wade.performer.SubflowJoinBehaviour$AsynchronousFlow handleTermination()]
2020-02-25 23:50:55.420 INFO: Agent searcher2@TOYS-ASSEMBLER - Executor DESKTOP-4MO2C6R:-7932dfb2:1707fd1ca89:-7ff3:2: SUCCEEDED. [com.tilab.wade.performer.WorkflowEngineAgent$WorkflowExecutor$1 handle()]
2020-02-25 23:50:55.420 INFO: Agent searcher2@TOYS-ASSEMBLER - Executor DESKTOP-4MO2C6R:-7932dfb2:1707fd1ca89:-7ff3:2: TERMINATED. [com.tilab.wade.performer.WorkflowEngineAgent$WorkflowExecutor terminate()]
2020-02-25 23:50:55.430 INFO: Agent searcher2@TOYS-ASSEMBLER - Executor DESKTOP-4MO2C6R:-7932dfb2:1707fd1ca89:-7ff3:4: STARTED. [com.tilab.wade.performer.WorkflowEngineAgent$WorkflowExecutor onStart()]
2020-02-25 23:50:55.431 INFO: >>>>>>>> SJB CollectComponents: received termination notification for delegation D_1582692607092-assembler-searcher2-0 of AsynchFlow ActivateSearch [com.tilab.wade.performer.SubflowJoinBehaviour$AsynchronousFlow handleTermination()]
2020-02-25 23:51:02.655 INFO: Agent searcher2@TOYS-ASSEMBLER - Executor DESKTOP-4MO2C6R:-7932dfb2:1707fd1ca89:-7ff3:4: SUCCEEDED. [com.tilab.wade.performer.WorkflowEngineAgent$WorkflowExecutor$1 handle()]
2020-02-25 23:51:02.655 INFO: Agent searcher2@TOYS-ASSEMBLER - Executor DESKTOP-4MO2C6R:-7932dfb2:1707fd1ca89:-7ff3:4: TERMINATED. [com.tilab.wade.performer.WorkflowEngineAgent$WorkflowExecutor terminate()]
2020-02-25 23:51:02.670 INFO: >>>>>>>> SJB CollectComponents: received termination notification for delegation D_1582692627515-assembler-searcher2-2 of AsynchFlow ActivateSearch [com.tilab.wade.performer.SubflowJoinBehaviour$AsynchronousFlow handleTermination()]
2020-02-25 23:51:02.670 INFO: >>>>>>>> SJB CollectComponents: AsynchFlow ActivateSearch successfully completed [com.tilab.wade.performer.SubflowJoinBehaviour$AsynchronousFlow handleTermination()]
2020-02-25 23:51:02.670 INFO: >>>>>>>> SJB CollectComponents: all expected AsynchFlow-s completed successfully. Resuming workflow [com.tilab.wade.performer.SubflowJoinBehaviour handleAsynchronousFlowSuccess()]
2020-02-25 23:51:02.670 INFO: Agent assembler@TOYS-ASSEMBLER - Executor DESKTOP-4MO2C6R:-7932dfb2:1707fd1ca89:-7ff3:1: RESUMED. [com.tilab.wade.performer.WorkflowEngineAgent$WorkflowExecutor onResumed()]
2020-02-25 23:51:02.670 INFO: >>>>>>>> SJB CollectComponents: invoking activity callback method [com.tilab.wade.performer.SubflowJoinBehaviour action()]
2020-02-25 23:51:02.670 INFO: >>>>>>>> SJB CollectComponents: terminated [com.tilab.wade.performer.SubflowJoinBehaviour onEnd()]
2020-02-25 23:51:02.686 INFO: Agent assembler@TOYS-ASSEMBLER - Executor DESKTOP-4MO2C6R:-7932dfb2:1707fd1ca89:-7ff3:1: SUCCEEDED. [com.tilab.wade.performer.WorkflowEngineAgent$WorkflowExecutor$1 handle()]
2020-02-25 23:51:02.686 INFO: Agent assembler@TOYS-ASSEMBLER - Executor DESKTOP-4MO2C6R:-7932dfb2:1707fd1ca89:-7ff3:1: TERMINATED. [com.tilab.wade.performer.WorkflowEngineAgent$WorkflowExecutor terminate()]
2020-02-25 23:51:15.389 INFO: CA CA-Searchers@TOYS-ASSEMBLER - Agent assembler in container Assembler dead [com.tilab.wade.ca.ControllerAgent handleDeadAgent()]
2020-02-25 23:51:15.392 INFO: CA CA-Assembler@TOYS-ASSEMBLER - Agent assembler in container Assembler dead [com.tilab.wade.ca.ControllerAgent handleDeadAgent()]
2020-02-25 23:51:15.392 INFO: CA CA-Assembler@TOYS-ASSEMBLER: Re-starting local agent assembler. Class = toysassembler.assembler.AssemblerAgent arguments = {AGENT-LOCATION=Assembler, AGENT-ROLE=Workflow Executor, AGENT-TYPE=Assembler Agent, HOSTNAME=desktop-4mo2c6r, AGENT-CLASSNAME=toysassembler.assembler.AssemblerAgent, _RESTARTING=true, HOSTADDRESS=10.0.75.1, AGENT-OWNER=NONE} [com.tilab.wade.ca.ControllerAgent restartLocalAgent()]
2020-02-25 23:51:15.392 INFO: CA CA-Assembler@TOYS-ASSEMBLER: Local agent assembler@TOYS-ASSEMBLER successfully re-started [com.tilab.wade.ca.ControllerAgent restartLocalAgent()]
2020-02-25 23:51:15.392 INFO: Agent assembler@TOYS-ASSEMBLER - Starting........... [com.tilab.wade.commons.WadeAgentImpl setup()]
2020-02-25 23:51:15.392 INFO: Agent assembler@TOYS-ASSEMBLER - Ready ... [com.tilab.wade.performer.WorkflowEngineAgent agentSpecificSetup()]
2020-02-25 23:51:15.470 INFO: Agent assembler@TOYS-ASSEMBLER - STARTUP COMPLETED SUCCESSFULLY! [com.tilab.wade.commons.WadeAgentImpl setup()]
2020-02-25 23:51:32.124 WARNING: Workflow status manager agents not available but not required. Workflow persistence functions are disabled. [com.tilab.wade.performer.StatusManager <init>()]
2020-02-25 23:51:32.126 INFO: Agent assembler@TOYS-ASSEMBLER - Executor DESKTOP-4MO2C6R:-7932dfb2:1707fd1ca89:-7ff3:6: STARTED. [com.tilab.wade.performer.WorkflowEngineAgent$WorkflowExecutor onStart()]
2020-02-25 23:51:32.130 INFO: Agent assembler@TOYS-ASSEMBLER - Executor DESKTOP-4MO2C6R:-7932dfb2:1707fd1ca89:-7ff3:7: STARTED. [com.tilab.wade.performer.WorkflowEngineAgent$WorkflowExecutor onStart()]
2020-02-25 23:51:32.271 INFO: Agent searcher2@TOYS-ASSEMBLER - Executor DESKTOP-4MO2C6R:-7932dfb2:1707fd1ca89:-7ff3:9: STARTED. [com.tilab.wade.performer.WorkflowEngineAgent$WorkflowExecutor onStart()]
2020-02-25 23:51:32.271 INFO: Agent searcher1@TOYS-ASSEMBLER - Executor DESKTOP-4MO2C6R:-7932dfb2:1707fd1ca89:-7ff3:8: STARTED. [com.tilab.wade.performer.WorkflowEngineAgent$WorkflowExecutor onStart()]
2020-02-25 23:51:32.334 INFO: >>>>>>>> SJB CollectComponents: suspending workflow [com.tilab.wade.performer.SubflowJoinBehaviour action()]
2020-02-25 23:51:32.334 INFO: Agent assembler@TOYS-ASSEMBLER - Executor DESKTOP-4MO2C6R:-7932dfb2:1707fd1ca89:-7ff3:6: SUSPENDED. [com.tilab.wade.performer.WorkflowEngineAgent$WorkflowExecutor onSuspended()]
2020-02-25 23:51:32.365 INFO: >>>>>>>> SJB CollectComponents: suspending workflow [com.tilab.wade.performer.SubflowJoinBehaviour action()]
2020-02-25 23:51:32.365 INFO: Agent assembler@TOYS-ASSEMBLER - Executor DESKTOP-4MO2C6R:-7932dfb2:1707fd1ca89:-7ff3:7: SUSPENDED. [com.tilab.wade.performer.WorkflowEngineAgent$WorkflowExecutor onSuspended()]
2020-02-25 23:51:42.626 INFO: Agent searcher1@TOYS-ASSEMBLER - Executor DESKTOP-4MO2C6R:-7932dfb2:1707fd1ca89:-7ff3:8: SUCCEEDED. [com.tilab.wade.performer.WorkflowEngineAgent$WorkflowExecutor$1 handle()]
2020-02-25 23:51:42.626 INFO: Agent searcher1@TOYS-ASSEMBLER - Executor DESKTOP-4MO2C6R:-7932dfb2:1707fd1ca89:-7ff3:8: TERMINATED. [com.tilab.wade.performer.WorkflowEngineAgent$WorkflowExecutor terminate()]
2020-02-25 23:51:42.626 INFO: Agent searcher1@TOYS-ASSEMBLER - Executor DESKTOP-4MO2C6R:-7932dfb2:1707fd1ca89:-7ff3:11: STARTED. [com.tilab.wade.performer.WorkflowEngineAgent$WorkflowExecutor onStart()]
2020-02-25 23:51:42.636 INFO: >>>>>>>> SJB CollectComponents: received termination notification for delegation D_1582692692240-assembler-searcher1-4 of AsynchFlow ActivateSearch [com.tilab.wade.performer.SubflowJoinBehaviour$AsynchronousFlow handleTermination()]
2020-02-25 23:52:15.659 INFO: Agent searcher1@TOYS-ASSEMBLER - Executor DESKTOP-4MO2C6R:-7932dfb2:1707fd1ca89:-7ff3:11: SUCCEEDED. [com.tilab.wade.performer.WorkflowEngineAgent$WorkflowExecutor$1 handle()]
2020-02-25 23:52:15.659 INFO: Agent searcher1@TOYS-ASSEMBLER - Executor DESKTOP-4MO2C6R:-7932dfb2:1707fd1ca89:-7ff3:11: TERMINATED. [com.tilab.wade.performer.WorkflowEngineAgent$WorkflowExecutor terminate()]
2020-02-25 23:52:15.672 INFO: >>>>>>>> SJB CollectComponents: received termination notification for delegation D_1582692692302-assembler-searcher1-7 of AsynchFlow ActivateSearch [com.tilab.wade.performer.SubflowJoinBehaviour$AsynchronousFlow handleTermination()]
2020-02-25 23:52:18.779 INFO: Agent searcher2@TOYS-ASSEMBLER - Executor DESKTOP-4MO2C6R:-7932dfb2:1707fd1ca89:-7ff3:9: SUCCEEDED. [com.tilab.wade.performer.WorkflowEngineAgent$WorkflowExecutor$1 handle()]
2020-02-25 23:52:18.795 INFO: Agent searcher2@TOYS-ASSEMBLER - Executor DESKTOP-4MO2C6R:-7932dfb2:1707fd1ca89:-7ff3:9: TERMINATED. [com.tilab.wade.performer.WorkflowEngineAgent$WorkflowExecutor terminate()]
2020-02-25 23:52:18.798 INFO: Agent searcher2@TOYS-ASSEMBLER - Executor DESKTOP-4MO2C6R:-7932dfb2:1707fd1ca89:-7ff3:10: STARTED. [com.tilab.wade.performer.WorkflowEngineAgent$WorkflowExecutor onStart()]
2020-02-25 23:52:18.800 INFO: >>>>>>>> SJB CollectComponents: received termination notification for delegation D_1582692692240-assembler-searcher2-5 of AsynchFlow ActivateSearch [com.tilab.wade.performer.SubflowJoinBehaviour$AsynchronousFlow handleTermination()]
2020-02-25 23:52:18.800 INFO: >>>>>>>> SJB CollectComponents: AsynchFlow ActivateSearch successfully completed [com.tilab.wade.performer.SubflowJoinBehaviour$AsynchronousFlow handleTermination()]
2020-02-25 23:52:18.800 INFO: >>>>>>>> SJB CollectComponents: all expected AsynchFlow-s completed successfully. Resuming workflow [com.tilab.wade.performer.SubflowJoinBehaviour handleAsynchronousFlowSuccess()]
2020-02-25 23:52:18.800 INFO: Agent assembler@TOYS-ASSEMBLER - Executor DESKTOP-4MO2C6R:-7932dfb2:1707fd1ca89:-7ff3:7: RESUMED. [com.tilab.wade.performer.WorkflowEngineAgent$WorkflowExecutor onResumed()]
2020-02-25 23:52:18.800 INFO: >>>>>>>> SJB CollectComponents: invoking activity callback method [com.tilab.wade.performer.SubflowJoinBehaviour action()]
2020-02-25 23:52:18.800 INFO: >>>>>>>> SJB CollectComponents: terminated [com.tilab.wade.performer.SubflowJoinBehaviour onEnd()]
2020-02-25 23:52:18.814 INFO: Agent assembler@TOYS-ASSEMBLER - Executor DESKTOP-4MO2C6R:-7932dfb2:1707fd1ca89:-7ff3:7: SUCCEEDED. [com.tilab.wade.performer.WorkflowEngineAgent$WorkflowExecutor$1 handle()]
2020-02-25 23:52:18.815 INFO: Agent assembler@TOYS-ASSEMBLER - Executor DESKTOP-4MO2C6R:-7932dfb2:1707fd1ca89:-7ff3:7: TERMINATED. [com.tilab.wade.performer.WorkflowEngineAgent$WorkflowExecutor terminate()]
2020-02-25 23:52:39.436 INFO: Agent searcher2@TOYS-ASSEMBLER - Executor DESKTOP-4MO2C6R:-7932dfb2:1707fd1ca89:-7ff3:10: SUCCEEDED. [com.tilab.wade.performer.WorkflowEngineAgent$WorkflowExecutor$1 handle()]
2020-02-25 23:52:39.452 INFO: Agent searcher2@TOYS-ASSEMBLER - Executor DESKTOP-4MO2C6R:-7932dfb2:1707fd1ca89:-7ff3:10: TERMINATED. [com.tilab.wade.performer.WorkflowEngineAgent$WorkflowExecutor terminate()]
2020-02-25 23:52:39.459 INFO: >>>>>>>> SJB CollectComponents: received termination notification for delegation D_1582692692287-assembler-searcher2-6 of AsynchFlow ActivateSearch [com.tilab.wade.performer.SubflowJoinBehaviour$AsynchronousFlow handleTermination()]
2020-02-25 23:52:39.459 INFO: >>>>>>>> SJB CollectComponents: AsynchFlow ActivateSearch successfully completed [com.tilab.wade.performer.SubflowJoinBehaviour$AsynchronousFlow handleTermination()]
2020-02-25 23:52:39.459 INFO: >>>>>>>> SJB CollectComponents: all expected AsynchFlow-s completed successfully. Resuming workflow [com.tilab.wade.performer.SubflowJoinBehaviour handleAsynchronousFlowSuccess()]
2020-02-25 23:52:39.459 INFO: Agent assembler@TOYS-ASSEMBLER - Executor DESKTOP-4MO2C6R:-7932dfb2:1707fd1ca89:-7ff3:6: RESUMED. [com.tilab.wade.performer.WorkflowEngineAgent$WorkflowExecutor onResumed()]
2020-02-25 23:52:39.459 INFO: >>>>>>>> SJB CollectComponents: invoking activity callback method [com.tilab.wade.performer.SubflowJoinBehaviour action()]
2020-02-25 23:52:39.459 INFO: >>>>>>>> SJB CollectComponents: terminated [com.tilab.wade.performer.SubflowJoinBehaviour onEnd()]
2020-02-25 23:52:39.470 INFO: Agent assembler@TOYS-ASSEMBLER - Executor DESKTOP-4MO2C6R:-7932dfb2:1707fd1ca89:-7ff3:6: SUCCEEDED. [com.tilab.wade.performer.WorkflowEngineAgent$WorkflowExecutor$1 handle()]
2020-02-25 23:52:39.470 INFO: Agent assembler@TOYS-ASSEMBLER - Executor DESKTOP-4MO2C6R:-7932dfb2:1707fd1ca89:-7ff3:6: TERMINATED. [com.tilab.wade.performer.WorkflowEngineAgent$WorkflowExecutor terminate()]
2020-02-25 23:52:41.733 INFO: CA CA-Searchers@TOYS-ASSEMBLER - Agent assembler in container Assembler dead [com.tilab.wade.ca.ControllerAgent handleDeadAgent()]
2020-02-25 23:52:41.748 INFO: CA CA-Assembler@TOYS-ASSEMBLER - Agent assembler in container Assembler dead [com.tilab.wade.ca.ControllerAgent handleDeadAgent()]
2020-02-25 23:52:41.750 INFO: CA CA-Assembler@TOYS-ASSEMBLER: Re-starting local agent assembler. Class = toysassembler.assembler.AssemblerAgent arguments = {AGENT-LOCATION=Assembler, AGENT-ROLE=Workflow Executor, AGENT-TYPE=Assembler Agent, HOSTNAME=desktop-4mo2c6r, AGENT-CLASSNAME=toysassembler.assembler.AssemblerAgent, _RESTARTING=true, HOSTADDRESS=10.0.75.1, AGENT-OWNER=NONE} [com.tilab.wade.ca.ControllerAgent restartLocalAgent()]
2020-02-25 23:52:41.750 INFO: CA CA-Assembler@TOYS-ASSEMBLER: Local agent assembler@TOYS-ASSEMBLER successfully re-started [com.tilab.wade.ca.ControllerAgent restartLocalAgent()]
2020-02-25 23:52:41.750 INFO: Agent assembler@TOYS-ASSEMBLER - Starting........... [com.tilab.wade.commons.WadeAgentImpl setup()]
2020-02-25 23:52:41.750 INFO: Agent assembler@TOYS-ASSEMBLER - Ready ... [com.tilab.wade.performer.WorkflowEngineAgent agentSpecificSetup()]
2020-02-25 23:52:41.844 INFO: Agent assembler@TOYS-ASSEMBLER - STARTUP COMPLETED SUCCESSFULLY! [com.tilab.wade.commons.WadeAgentImpl setup()]
2020-02-25 23:52:43.436 INFO: CA CA-Searchers@TOYS-ASSEMBLER - Agent assembler in container Assembler dead [com.tilab.wade.ca.ControllerAgent handleDeadAgent()]
2020-02-25 23:52:43.436 INFO: CA CA-Assembler@TOYS-ASSEMBLER - Agent assembler in container Assembler dead [com.tilab.wade.ca.ControllerAgent handleDeadAgent()]
2020-02-25 23:52:43.451 INFO: CA CA-Assembler@TOYS-ASSEMBLER: Re-starting local agent assembler. Class = toysassembler.assembler.AssemblerAgent arguments = {AGENT-LOCATION=Assembler, AGENT-ROLE=Workflow Executor, AGENT-TYPE=Assembler Agent, HOSTNAME=desktop-4mo2c6r, AGENT-CLASSNAME=toysassembler.assembler.AssemblerAgent, _RESTARTING=true, HOSTADDRESS=10.0.75.1, AGENT-OWNER=NONE} [com.tilab.wade.ca.ControllerAgent restartLocalAgent()]
2020-02-25 23:52:43.469 INFO: CA CA-Assembler@TOYS-ASSEMBLER: Local agent assembler@TOYS-ASSEMBLER successfully re-started [com.tilab.wade.ca.ControllerAgent restartLocalAgent()]
2020-02-25 23:52:43.469 INFO: Agent assembler@TOYS-ASSEMBLER - Starting........... [com.tilab.wade.commons.WadeAgentImpl setup()]
2020-02-25 23:52:43.469 INFO: Agent assembler@TOYS-ASSEMBLER - Ready ... [com.tilab.wade.performer.WorkflowEngineAgent agentSpecificSetup()]
2020-02-25 23:52:43.594 INFO: Agent assembler@TOYS-ASSEMBLER - STARTUP COMPLETED SUCCESSFULLY! [com.tilab.wade.commons.WadeAgentImpl setup()]
2020-02-25 23:52:44.435 INFO: CA CA-Searchers@TOYS-ASSEMBLER - Agent assembler in container Assembler dead [com.tilab.wade.ca.ControllerAgent handleDeadAgent()]
2020-02-25 23:52:44.451 INFO: CA CA-Assembler@TOYS-ASSEMBLER - Agent assembler in container Assembler dead [com.tilab.wade.ca.ControllerAgent handleDeadAgent()]
2020-02-25 23:52:44.452 INFO: CA CA-Assembler@TOYS-ASSEMBLER: Re-starting local agent assembler. Class = toysassembler.assembler.AssemblerAgent arguments = {AGENT-LOCATION=Assembler, AGENT-ROLE=Workflow Executor, AGENT-TYPE=Assembler Agent, HOSTNAME=desktop-4mo2c6r, AGENT-CLASSNAME=toysassembler.assembler.AssemblerAgent, _RESTARTING=true, HOSTADDRESS=10.0.75.1, AGENT-OWNER=NONE} [com.tilab.wade.ca.ControllerAgent restartLocalAgent()]
2020-02-25 23:52:44.454 INFO: CA CA-Assembler@TOYS-ASSEMBLER: Local agent assembler@TOYS-ASSEMBLER successfully re-started [com.tilab.wade.ca.ControllerAgent restartLocalAgent()]
2020-02-25 23:52:44.454 INFO: Agent assembler@TOYS-ASSEMBLER - Starting........... [com.tilab.wade.commons.WadeAgentImpl setup()]
2020-02-25 23:52:44.454 INFO: Agent assembler@TOYS-ASSEMBLER - Ready ... [com.tilab.wade.performer.WorkflowEngineAgent agentSpecificSetup()]
2020-02-25 23:52:44.564 INFO: Agent assembler@TOYS-ASSEMBLER - STARTUP COMPLETED SUCCESSFULLY! [com.tilab.wade.commons.WadeAgentImpl setup()]
2020-02-25 23:55:28.047 INFO: CA CA-Searchers@TOYS-ASSEMBLER - Agent rma in container Main-Container dead [com.tilab.wade.ca.ControllerAgent handleDeadAgent()]
2020-02-25 23:55:28.047 INFO: CA CA-Assembler@TOYS-ASSEMBLER - Agent rma in container Main-Container dead [com.tilab.wade.ca.ControllerAgent handleDeadAgent()]
2020-02-25 23:55:31.718 INFO: CA CA-Assembler@TOYS-ASSEMBLER - Agent gui in container Main-Container dead [com.tilab.wade.ca.ControllerAgent handleDeadAgent()]
2020-02-25 23:55:31.724 INFO: CA CA-Searchers@TOYS-ASSEMBLER - Agent gui in container Main-Container dead [com.tilab.wade.ca.ControllerAgent handleDeadAgent()]
2020-02-25 23:55:39.279 INFO: CA CA-Assembler@TOYS-ASSEMBLER - Agent assembler in container Assembler dead [com.tilab.wade.ca.ControllerAgent handleDeadAgent()]
2020-02-25 23:55:39.279 INFO: CA CA-Searchers@TOYS-ASSEMBLER - Agent assembler in container Assembler dead [com.tilab.wade.ca.ControllerAgent handleDeadAgent()]
2020-02-25 23:55:39.290 INFO: CA CA-Assembler@TOYS-ASSEMBLER: Re-starting local agent assembler. Class = toysassembler.assembler.AssemblerAgent arguments = {AGENT-LOCATION=Assembler, AGENT-ROLE=Workflow Executor, AGENT-TYPE=Assembler Agent, HOSTNAME=desktop-4mo2c6r, AGENT-CLASSNAME=toysassembler.assembler.AssemblerAgent, _RESTARTING=true, HOSTADDRESS=10.0.75.1, AGENT-OWNER=NONE} [com.tilab.wade.ca.ControllerAgent restartLocalAgent()]
2020-02-25 23:55:39.292 INFO: CA CA-Assembler@TOYS-ASSEMBLER: Local agent assembler@TOYS-ASSEMBLER successfully re-started [com.tilab.wade.ca.ControllerAgent restartLocalAgent()]
2020-02-25 23:55:39.292 INFO: Agent assembler@TOYS-ASSEMBLER - Starting........... [com.tilab.wade.commons.WadeAgentImpl setup()]
2020-02-25 23:55:39.292 INFO: Agent assembler@TOYS-ASSEMBLER - Ready ... [com.tilab.wade.performer.WorkflowEngineAgent agentSpecificSetup()]
2020-02-25 23:55:39.370 INFO: Agent assembler@TOYS-ASSEMBLER - STARTUP COMPLETED SUCCESSFULLY! [com.tilab.wade.commons.WadeAgentImpl setup()]
2020-02-25 23:55:40.359 INFO: CA CA-Assembler@TOYS-ASSEMBLER - Agent assembler in container Assembler dead [com.tilab.wade.ca.ControllerAgent handleDeadAgent()]
2020-02-25 23:55:40.363 INFO: CA CA-Assembler@TOYS-ASSEMBLER: Re-starting local agent assembler. Class = toysassembler.assembler.AssemblerAgent arguments = {AGENT-LOCATION=Assembler, AGENT-ROLE=Workflow Executor, AGENT-TYPE=Assembler Agent, HOSTNAME=desktop-4mo2c6r, AGENT-CLASSNAME=toysassembler.assembler.AssemblerAgent, _RESTARTING=true, HOSTADDRESS=10.0.75.1, AGENT-OWNER=NONE} [com.tilab.wade.ca.ControllerAgent restartLocalAgent()]
2020-02-25 23:55:40.367 INFO: CA CA-Assembler@TOYS-ASSEMBLER: Local agent assembler@TOYS-ASSEMBLER successfully re-started [com.tilab.wade.ca.ControllerAgent restartLocalAgent()]
2020-02-25 23:55:40.367 INFO: CA CA-Searchers@TOYS-ASSEMBLER - Agent assembler in container Assembler dead [com.tilab.wade.ca.ControllerAgent handleDeadAgent()]
2020-02-25 23:55:40.382 INFO: Agent assembler@TOYS-ASSEMBLER - Starting........... [com.tilab.wade.commons.WadeAgentImpl setup()]
2020-02-25 23:55:40.382 INFO: Agent assembler@TOYS-ASSEMBLER - Ready ... [com.tilab.wade.performer.WorkflowEngineAgent agentSpecificSetup()]
2020-02-25 23:55:40.429 INFO: Agent assembler@TOYS-ASSEMBLER - STARTUP COMPLETED SUCCESSFULLY! [com.tilab.wade.commons.WadeAgentImpl setup()]
2020-02-25 23:58:44.684 INFO: ----------------------------------
    This is JADE 4.5.0 - revision 6825 of 23-05-2017 10:06:04
    downloaded in Open Source, under LGPL restrictions,
    at http://jade.tilab.com/
---------------------------------------- [jade.core.Runtime beginContainer()]
2020-02-25 23:58:45.608 INFO: Listening for intra-platform commands on address:
- jicp://localhost:59258
 [jade.imtp.leap.LEAPIMTPManager initialize()]
2020-02-25 23:58:45.717 INFO: Service jade.core.management.AgentManagement initialized [jade.core.BaseService init()]
2020-02-25 23:58:45.746 INFO: Service jade.core.messaging.Messaging initialized [jade.core.BaseService init()]
2020-02-25 23:58:45.746 INFO: Service jade.core.resource.ResourceManagement initialized [jade.core.BaseService init()]
2020-02-25 23:58:45.762 INFO: Service jade.core.mobility.AgentMobility initialized [jade.core.BaseService init()]
2020-02-25 23:58:45.762 INFO: Service jade.core.event.Notification initialized [jade.core.BaseService init()]
2020-02-25 23:58:45.777 INFO: Service jade.core.messaging.TopicManagement initialized [jade.core.BaseService init()]
2020-02-25 23:58:45.985 INFO: Agent CA-Assembler@TOYS-ASSEMBLER - Starting........... [com.tilab.wade.commons.WadeAgentImpl setup()]
2020-02-25 23:58:46.001 INFO: Container-Monitor agent activated [jade.core.AgentContainerImpl startBootstrapAgents()]
2020-02-25 23:58:46.001 INFO: --------------------------------------
Agent container Assembler@localhost is ready.
-------------------------------------------- [jade.core.AgentContainerImpl joinPlatform()]
2020-02-25 23:58:46.233 INFO: Loading classes from:
file:/C:/eclipse-jee-kepler-SR1-win32-x86_64/eclipse/workspaceKepler/toysAssembler/deploy/wcl/1581888799619/Storekeeper_C.jar
file:/C:/eclipse-jee-kepler-SR1-win32-x86_64/eclipse/workspaceKepler/toysAssembler/deploy/wcl/1581888799619/workflows.jar
 [com.tilab.wade.ca.WadeClassLoader getUrlList()]
2020-02-25 23:58:46.373 INFO: Agent CA-Assembler@TOYS-ASSEMBLER - STARTUP COMPLETED SUCCESSFULLY! [com.tilab.wade.commons.WadeAgentImpl setup()]
2020-02-25 23:58:46.451 INFO: CA CA-Assembler@TOYS-ASSEMBLER: updating existing container info [com.tilab.wade.ca.ControllerAgent handleAddedContainer()]
2020-02-25 23:58:46.467 INFO: CA CA-Assembler@TOYS-ASSEMBLER: CreateAgent request received from cfa@TOYS-ASSEMBLER. Name = assembler class = toysassembler.assembler.AssemblerAgent arguments = {AGENT-TYPE=Assembler Agent} [com.tilab.wade.ca.ControllerAgent serveCreateAgent()]
2020-02-25 23:58:46.483 INFO: CA CA-Assembler@TOYS-ASSEMBLER: Local agent assembler@TOYS-ASSEMBLER successfully started [com.tilab.wade.ca.ControllerAgent serveCreateAgent()]
2020-02-25 23:58:46.498 INFO: Agent assembler@TOYS-ASSEMBLER - Starting........... [com.tilab.wade.commons.WadeAgentImpl setup()]
2020-02-25 23:58:46.514 INFO: Agent assembler@TOYS-ASSEMBLER - Ready ... [com.tilab.wade.performer.WorkflowEngineAgent agentSpecificSetup()]
2020-02-25 23:58:46.514 INFO: CA CA-Assembler@TOYS-ASSEMBLER: creating new container info [com.tilab.wade.ca.ControllerAgent handleAddedContainer()]
2020-02-25 23:58:46.897 INFO: Agent assembler@TOYS-ASSEMBLER - STARTUP COMPLETED SUCCESSFULLY! [com.tilab.wade.commons.WadeAgentImpl setup()]
2020-02-25 23:58:47.057 INFO: ----------------------------------
    This is JADE 4.5.0 - revision 6825 of 23-05-2017 10:06:04
    downloaded in Open Source, under LGPL restrictions,
    at http://jade.tilab.com/
---------------------------------------- [jade.core.Runtime beginContainer()]
2020-02-25 23:58:47.483 INFO: Listening for intra-platform commands on address:
- jicp://localhost:59258
 [jade.imtp.leap.LEAPIMTPManager initialize()]
2020-02-25 23:58:47.483 INFO: Service jade.core.management.AgentManagement initialized [jade.core.BaseService init()]
2020-02-25 23:58:47.483 INFO: Service jade.core.messaging.Messaging initialized [jade.core.BaseService init()]
2020-02-25 23:58:47.483 INFO: Service jade.core.resource.ResourceManagement initialized [jade.core.BaseService init()]
2020-02-25 23:58:47.483 INFO: Service jade.core.mobility.AgentMobility initialized [jade.core.BaseService init()]
2020-02-25 23:58:47.483 INFO: Service jade.core.event.Notification initialized [jade.core.BaseService init()]
2020-02-25 23:58:47.483 INFO: Service jade.core.messaging.TopicManagement initialized [jade.core.BaseService init()]
2020-02-25 23:58:47.496 INFO: Agent CA-Searchers@TOYS-ASSEMBLER - Starting........... [com.tilab.wade.commons.WadeAgentImpl setup()]
2020-02-25 23:58:47.512 INFO: Container-Monitor agent activated [jade.core.AgentContainerImpl startBootstrapAgents()]
2020-02-25 23:58:47.512 INFO: --------------------------------------
Agent container Searchers@localhost is ready.
-------------------------------------------- [jade.core.AgentContainerImpl joinPlatform()]
2020-02-25 23:58:47.528 INFO: CA CA-Assembler@TOYS-ASSEMBLER: creating new container info [com.tilab.wade.ca.ControllerAgent handleAddedContainer()]
2020-02-25 23:58:47.559 INFO: Agent CA-Searchers@TOYS-ASSEMBLER - STARTUP COMPLETED SUCCESSFULLY! [com.tilab.wade.commons.WadeAgentImpl setup()]
2020-02-25 23:58:47.574 INFO: CA CA-Searchers@TOYS-ASSEMBLER: CreateAgent request received from cfa@TOYS-ASSEMBLER. Name = searcher2 class = toysassembler.searcher.SearcherAgent arguments = {AGENT-TYPE=Searcher Agent} [com.tilab.wade.ca.ControllerAgent serveCreateAgent()]
2020-02-25 23:58:47.574 INFO: CA CA-Searchers@TOYS-ASSEMBLER: Local agent searcher2@TOYS-ASSEMBLER successfully started [com.tilab.wade.ca.ControllerAgent serveCreateAgent()]
2020-02-25 23:58:47.574 INFO: Agent searcher2@TOYS-ASSEMBLER - Starting........... [com.tilab.wade.commons.WadeAgentImpl setup()]
2020-02-25 23:58:47.574 INFO: Agent searcher2@TOYS-ASSEMBLER - Ready ... [com.tilab.wade.performer.WorkflowEngineAgent agentSpecificSetup()]
2020-02-25 23:58:47.653 INFO: CA CA-Searchers@TOYS-ASSEMBLER: CreateAgent request received from cfa@TOYS-ASSEMBLER. Name = searcher1 class = toysassembler.searcher.SearcherAgent arguments = {AGENT-TYPE=Searcher Agent} [com.tilab.wade.ca.ControllerAgent serveCreateAgent()]
2020-02-25 23:58:47.668 INFO: CA CA-Searchers@TOYS-ASSEMBLER: Local agent searcher1@TOYS-ASSEMBLER successfully started [com.tilab.wade.ca.ControllerAgent serveCreateAgent()]
2020-02-25 23:58:47.668 INFO: Agent searcher1@TOYS-ASSEMBLER - Starting........... [com.tilab.wade.commons.WadeAgentImpl setup()]
2020-02-25 23:58:47.684 INFO: Agent searcher1@TOYS-ASSEMBLER - Ready ... [com.tilab.wade.performer.WorkflowEngineAgent agentSpecificSetup()]
2020-02-25 23:58:47.699 INFO: CA CA-Searchers@TOYS-ASSEMBLER: updating existing container info [com.tilab.wade.ca.ControllerAgent handleAddedContainer()]
2020-02-25 23:58:47.778 INFO: CA CA-Searchers@TOYS-ASSEMBLER: creating new container info [com.tilab.wade.ca.ControllerAgent handleAddedContainer()]
2020-02-25 23:58:47.778 INFO: Agent searcher2@TOYS-ASSEMBLER - STARTUP COMPLETED SUCCESSFULLY! [com.tilab.wade.commons.WadeAgentImpl setup()]
2020-02-25 23:58:47.851 INFO: CA CA-Searchers@TOYS-ASSEMBLER: Container Main-Container for agent cfa@TOYS-ASSEMBLER not found. Add it! [com.tilab.wade.ca.ControllerAgent updateContainerMap()]
2020-02-25 23:58:47.854 INFO: Agent searcher1@TOYS-ASSEMBLER - STARTUP COMPLETED SUCCESSFULLY! [com.tilab.wade.commons.WadeAgentImpl setup()]
2020-02-25 23:58:47.854 INFO: CA CA-Searchers@TOYS-ASSEMBLER: updating existing container info [com.tilab.wade.ca.ControllerAgent handleAddedContainer()]
2020-02-25 23:58:56.467 INFO: CA CA-Assembler@TOYS-ASSEMBLER: New CA leader is CA-Assembler@TOYS-ASSEMBLER [com.tilab.wade.ca.ControllerAgent$1 leaderElected()]
2020-02-25 23:58:56.469 INFO: CA CA-Assembler@TOYS-ASSEMBLER: Leadership acquired [com.tilab.wade.ca.ControllerAgent becomeLeader()]
2020-02-25 23:58:56.470 INFO: CA CA-Searchers@TOYS-ASSEMBLER: New CA leader is CA-Assembler@TOYS-ASSEMBLER [com.tilab.wade.ca.ControllerAgent$1 leaderElected()]
2020-02-25 23:59:08.078 WARNING: Workflow status manager agents not available but not required. Workflow persistence functions are disabled. [com.tilab.wade.performer.StatusManager <init>()]
2020-02-25 23:59:08.080 INFO: Agent assembler@TOYS-ASSEMBLER - Executor DESKTOP-4MO2C6R:40a1c458:1707fdc2d12:-7ff3:1: STARTED. [com.tilab.wade.performer.WorkflowEngineAgent$WorkflowExecutor onStart()]
2020-02-25 23:59:08.312 WARNING: Unable to find required classes (javax.activation.DataHandler and javax.mail.internet.MimeMultipart). Attachment support is disabled. [org.apache.axis.utils.JavaUtils isAttachmentSupported()]
2020-02-25 23:59:18.844 WARNING: Workflow status manager agents not available but not required. Workflow persistence functions are disabled. [com.tilab.wade.performer.StatusManager <init>()]
2020-02-25 23:59:18.845 INFO: Agent searcher2@TOYS-ASSEMBLER - Executor DESKTOP-4MO2C6R:40a1c458:1707fdc2d12:-7ff3:2: STARTED. [com.tilab.wade.performer.WorkflowEngineAgent$WorkflowExecutor onStart()]
2020-02-25 23:59:24.875 INFO: Agent searcher2@TOYS-ASSEMBLER - Executor DESKTOP-4MO2C6R:40a1c458:1707fdc2d12:-7ff3:2: SUCCEEDED. [com.tilab.wade.performer.WorkflowEngineAgent$WorkflowExecutor$1 handle()]
2020-02-25 23:59:24.875 INFO: Agent searcher2@TOYS-ASSEMBLER - Executor DESKTOP-4MO2C6R:40a1c458:1707fdc2d12:-7ff3:2: TERMINATED. [com.tilab.wade.performer.WorkflowEngineAgent$WorkflowExecutor terminate()]
2020-02-25 23:59:29.046 WARNING: Workflow status manager agents not available but not required. Workflow persistence functions are disabled. [com.tilab.wade.performer.StatusManager <init>()]
2020-02-25 23:59:29.048 INFO: Agent searcher1@TOYS-ASSEMBLER - Executor DESKTOP-4MO2C6R:40a1c458:1707fdc2d12:-7ff3:3: STARTED. [com.tilab.wade.performer.WorkflowEngineAgent$WorkflowExecutor onStart()]
2020-02-25 23:59:29.117 INFO: Agent searcher2@TOYS-ASSEMBLER - Executor DESKTOP-4MO2C6R:40a1c458:1707fdc2d12:-7ff3:4: STARTED. [com.tilab.wade.performer.WorkflowEngineAgent$WorkflowExecutor onStart()]
2020-02-25 23:59:29.164 INFO: >>>>>>>> SJB CollectComponents: suspending workflow [com.tilab.wade.performer.SubflowJoinBehaviour action()]
2020-02-25 23:59:29.164 INFO: >>>>>>>> SJB CollectComponents: received termination notification for delegation D_1582693148609-assembler-searcher2-0 of AsynchFlow ActivateSearch [com.tilab.wade.performer.SubflowJoinBehaviour$AsynchronousFlow handleTermination()]
2020-02-25 23:59:29.164 INFO: Agent assembler@TOYS-ASSEMBLER - Executor DESKTOP-4MO2C6R:40a1c458:1707fdc2d12:-7ff3:1: SUSPENDED. [com.tilab.wade.performer.WorkflowEngineAgent$WorkflowExecutor onSuspended()]
2020-02-25 23:59:51.609 INFO: Agent searcher2@TOYS-ASSEMBLER - Executor DESKTOP-4MO2C6R:40a1c458:1707fdc2d12:-7ff3:4: SUCCEEDED. [com.tilab.wade.performer.WorkflowEngineAgent$WorkflowExecutor$1 handle()]
2020-02-25 23:59:51.609 INFO: Agent searcher2@TOYS-ASSEMBLER - Executor DESKTOP-4MO2C6R:40a1c458:1707fdc2d12:-7ff3:4: TERMINATED. [com.tilab.wade.performer.WorkflowEngineAgent$WorkflowExecutor terminate()]
2020-02-25 23:59:51.624 INFO: >>>>>>>> SJB CollectComponents: received termination notification for delegation D_1582693169080-assembler-searcher2-2 of AsynchFlow ActivateSearch [com.tilab.wade.performer.SubflowJoinBehaviour$AsynchronousFlow handleTermination()]
