2020-02-25 19:40:38.962 INFO: ----------------------------------
    This is JADE 4.5.0 - revision 6825 of 23-05-2017 10:06:04
    downloaded in Open Source, under LGPL restrictions,
    at http://jade.tilab.com/
---------------------------------------- [jade.core.Runtime beginContainer()]
2020-02-25 19:40:39.827 INFO: Listening for intra-platform commands on address:
- jicp://localhost:57342
 [jade.imtp.leap.LEAPIMTPManager initialize()]
2020-02-25 19:40:39.952 INFO: Service jade.core.management.AgentManagement initialized [jade.core.BaseService init()]
2020-02-25 19:40:39.983 INFO: Service jade.core.messaging.Messaging initialized [jade.core.BaseService init()]
2020-02-25 19:40:39.998 INFO: Service jade.core.resource.ResourceManagement initialized [jade.core.BaseService init()]
2020-02-25 19:40:40.014 INFO: Service jade.core.mobility.AgentMobility initialized [jade.core.BaseService init()]
2020-02-25 19:40:40.014 INFO: Service jade.core.event.Notification initialized [jade.core.BaseService init()]
2020-02-25 19:40:40.030 INFO: Service jade.core.messaging.TopicManagement initialized [jade.core.BaseService init()]
2020-02-25 19:40:40.299 INFO: Agent CA-Searchers@TOYS-ASSEMBLER - Starting........... [com.tilab.wade.commons.WadeAgentImpl setup()]
2020-02-25 19:40:40.315 INFO: Container-Monitor agent activated [jade.core.AgentContainerImpl startBootstrapAgents()]
2020-02-25 19:40:40.330 INFO: --------------------------------------
Agent container Searchers@localhost is ready.
-------------------------------------------- [jade.core.AgentContainerImpl joinPlatform()]
2020-02-25 19:40:40.565 INFO: Loading classes from:
file:/C:/eclipse-jee-kepler-SR1-win32-x86_64/eclipse/workspaceKepler/toysAssembler/deploy/wcl/1581888799619/Storekeeper_C.jar
file:/C:/eclipse-jee-kepler-SR1-win32-x86_64/eclipse/workspaceKepler/toysAssembler/deploy/wcl/1581888799619/workflows.jar
 [com.tilab.wade.ca.WadeClassLoader getUrlList()]
2020-02-25 19:40:40.643 INFO: Agent CA-Searchers@TOYS-ASSEMBLER - STARTUP COMPLETED SUCCESSFULLY! [com.tilab.wade.commons.WadeAgentImpl setup()]
2020-02-25 19:40:40.721 INFO: CA CA-Searchers@TOYS-ASSEMBLER: updating existing container info [com.tilab.wade.ca.ControllerAgent handleAddedContainer()]
2020-02-25 19:40:40.752 INFO: CA CA-Searchers@TOYS-ASSEMBLER: creating new container info [com.tilab.wade.ca.ControllerAgent handleAddedContainer()]
2020-02-25 19:40:40.783 INFO: CA CA-Searchers@TOYS-ASSEMBLER: CreateAgent request received from cfa@TOYS-ASSEMBLER. Name = searcher2 class = toysassembler.searcher.SearcherAgent arguments = {AGENT-TYPE=Searcher Agent} [com.tilab.wade.ca.ControllerAgent serveCreateAgent()]
2020-02-25 19:40:40.815 INFO: CA CA-Searchers@TOYS-ASSEMBLER: Local agent searcher2@TOYS-ASSEMBLER successfully started [com.tilab.wade.ca.ControllerAgent serveCreateAgent()]
2020-02-25 19:40:40.815 INFO: Agent searcher2@TOYS-ASSEMBLER - Starting........... [com.tilab.wade.commons.WadeAgentImpl setup()]
2020-02-25 19:40:40.830 INFO: Agent searcher2@TOYS-ASSEMBLER - Ready ... [com.tilab.wade.performer.WorkflowEngineAgent agentSpecificSetup()]
2020-02-25 19:40:40.877 INFO: CA CA-Searchers@TOYS-ASSEMBLER: CreateAgent request received from cfa@TOYS-ASSEMBLER. Name = searcher1 class = toysassembler.searcher.SearcherAgent arguments = {AGENT-TYPE=Searcher Agent} [com.tilab.wade.ca.ControllerAgent serveCreateAgent()]
2020-02-25 19:40:40.877 INFO: CA CA-Searchers@TOYS-ASSEMBLER: Local agent searcher1@TOYS-ASSEMBLER successfully started [com.tilab.wade.ca.ControllerAgent serveCreateAgent()]
2020-02-25 19:40:40.893 INFO: Agent searcher1@TOYS-ASSEMBLER - Starting........... [com.tilab.wade.commons.WadeAgentImpl setup()]
2020-02-25 19:40:40.893 INFO: Agent searcher1@TOYS-ASSEMBLER - Ready ... [com.tilab.wade.performer.WorkflowEngineAgent agentSpecificSetup()]
2020-02-25 19:40:40.908 INFO: Agent searcher2@TOYS-ASSEMBLER - STARTUP COMPLETED SUCCESSFULLY! [com.tilab.wade.commons.WadeAgentImpl setup()]
2020-02-25 19:40:40.951 INFO: Agent searcher1@TOYS-ASSEMBLER - STARTUP COMPLETED SUCCESSFULLY! [com.tilab.wade.commons.WadeAgentImpl setup()]
2020-02-25 19:40:41.422 INFO: ----------------------------------
    This is JADE 4.5.0 - revision 6825 of 23-05-2017 10:06:04
    downloaded in Open Source, under LGPL restrictions,
    at http://jade.tilab.com/
---------------------------------------- [jade.core.Runtime beginContainer()]
2020-02-25 19:40:41.825 INFO: Listening for intra-platform commands on address:
- jicp://localhost:57342
 [jade.imtp.leap.LEAPIMTPManager initialize()]
2020-02-25 19:40:41.825 INFO: Service jade.core.management.AgentManagement initialized [jade.core.BaseService init()]
2020-02-25 19:40:41.825 INFO: Service jade.core.messaging.Messaging initialized [jade.core.BaseService init()]
2020-02-25 19:40:41.825 INFO: Service jade.core.resource.ResourceManagement initialized [jade.core.BaseService init()]
2020-02-25 19:40:41.825 INFO: Service jade.core.mobility.AgentMobility initialized [jade.core.BaseService init()]
2020-02-25 19:40:41.825 INFO: Service jade.core.event.Notification initialized [jade.core.BaseService init()]
2020-02-25 19:40:41.825 INFO: Service jade.core.messaging.TopicManagement initialized [jade.core.BaseService init()]
2020-02-25 19:40:41.848 INFO: Container-Monitor agent activated [jade.core.AgentContainerImpl startBootstrapAgents()]
2020-02-25 19:40:41.848 INFO: Agent CA-Assembler@TOYS-ASSEMBLER - Starting........... [com.tilab.wade.commons.WadeAgentImpl setup()]
2020-02-25 19:40:41.863 INFO: --------------------------------------
Agent container Assembler@localhost is ready.
-------------------------------------------- [jade.core.AgentContainerImpl joinPlatform()]
2020-02-25 19:40:41.863 INFO: CA CA-Searchers@TOYS-ASSEMBLER: creating new container info [com.tilab.wade.ca.ControllerAgent handleAddedContainer()]
2020-02-25 19:40:41.879 INFO: Agent CA-Assembler@TOYS-ASSEMBLER - STARTUP COMPLETED SUCCESSFULLY! [com.tilab.wade.commons.WadeAgentImpl setup()]
2020-02-25 19:40:41.894 INFO: CA CA-Assembler@TOYS-ASSEMBLER: CreateAgent request received from cfa@TOYS-ASSEMBLER. Name = assembler class = toysassembler.assembler.AssemblerAgent arguments = {AGENT-TYPE=Assembler Agent} [com.tilab.wade.ca.ControllerAgent serveCreateAgent()]
2020-02-25 19:40:41.910 INFO: CA CA-Assembler@TOYS-ASSEMBLER: Local agent assembler@TOYS-ASSEMBLER successfully started [com.tilab.wade.ca.ControllerAgent serveCreateAgent()]
2020-02-25 19:40:41.910 INFO: Agent assembler@TOYS-ASSEMBLER - Starting........... [com.tilab.wade.commons.WadeAgentImpl setup()]
2020-02-25 19:40:41.910 INFO: Agent assembler@TOYS-ASSEMBLER - Ready ... [com.tilab.wade.performer.WorkflowEngineAgent agentSpecificSetup()]
2020-02-25 19:40:42.082 INFO: CA CA-Assembler@TOYS-ASSEMBLER: creating new container info [com.tilab.wade.ca.ControllerAgent handleAddedContainer()]
2020-02-25 19:40:42.098 INFO: CA CA-Assembler@TOYS-ASSEMBLER: updating existing container info [com.tilab.wade.ca.ControllerAgent handleAddedContainer()]
2020-02-25 19:40:42.113 INFO: CA CA-Assembler@TOYS-ASSEMBLER: creating new container info [com.tilab.wade.ca.ControllerAgent handleAddedContainer()]
2020-02-25 19:40:42.567 INFO: Agent assembler@TOYS-ASSEMBLER - STARTUP COMPLETED SUCCESSFULLY! [com.tilab.wade.commons.WadeAgentImpl setup()]
2020-02-25 19:40:50.733 INFO: CA CA-Searchers@TOYS-ASSEMBLER: New CA leader is CA-Searchers@TOYS-ASSEMBLER [com.tilab.wade.ca.ControllerAgent$1 leaderElected()]
2020-02-25 19:40:50.736 INFO: CA CA-Searchers@TOYS-ASSEMBLER: Leadership acquired [com.tilab.wade.ca.ControllerAgent becomeLeader()]
2020-02-25 19:40:50.737 INFO: CA CA-Assembler@TOYS-ASSEMBLER: New CA leader is CA-Searchers@TOYS-ASSEMBLER [com.tilab.wade.ca.ControllerAgent$1 leaderElected()]
2020-02-25 20:50:26.534 WARNING: Workflow status manager agents not available but not required. Workflow persistence functions are disabled. [com.tilab.wade.performer.StatusManager <init>()]
2020-02-25 20:50:26.538 INFO: Agent assembler@TOYS-ASSEMBLER - Executor DESKTOP-4MO2C6R:-3bb964c8:1707eef33ba:-7fd9:1: STARTED. [com.tilab.wade.performer.WorkflowEngineAgent$WorkflowExecutor onStart()]
2020-02-25 20:50:26.545 INFO: Agent assembler@TOYS-ASSEMBLER - Executor DESKTOP-4MO2C6R:-3bb964c8:1707eef33ba:-7fd9:2: STARTED. [com.tilab.wade.performer.WorkflowEngineAgent$WorkflowExecutor onStart()]
2020-02-25 20:50:26.560 INFO: Agent assembler@TOYS-ASSEMBLER - Executor DESKTOP-4MO2C6R:-3bb964c8:1707eef33ba:-7fd9:3: STARTED. [com.tilab.wade.performer.WorkflowEngineAgent$WorkflowExecutor onStart()]
2020-02-25 20:50:27.124 WARNING: Unable to find required classes (javax.activation.DataHandler and javax.mail.internet.MimeMultipart). Attachment support is disabled. [org.apache.axis.utils.JavaUtils isAttachmentSupported()]
2020-02-25 20:50:28.803 WARNING: Agent assembler@TOYS-ASSEMBLER - Executor DESKTOP-4MO2C6R:-3bb964c8:1707eef33ba:-7fd9:1: com.tilab.wade.performer.event.ExecutionErrorEvent in workflow toysassembler.workflows.AssemblingToysWorkflow, activity GetComponentSetCoordinates. Exception is com.tilab.wade.performer.WorkflowException: Uncaught exception in activity  GetComponentSetCoordinates [nested org.apache.axis.AxisFault: ; nested exception is: 
	java.net.ConnectException: Connection refused: connect] [com.tilab.wade.performer.WorkflowEngineAgent handleEvent()]
2020-02-25 20:50:28.803 WARNING: Agent assembler@TOYS-ASSEMBLER - Executor DESKTOP-4MO2C6R:-3bb964c8:1707eef33ba:-7fd9:3: com.tilab.wade.performer.event.ExecutionErrorEvent in workflow toysassembler.workflows.AssemblingToysWorkflow, activity GetComponentSetCoordinates. Exception is com.tilab.wade.performer.WorkflowException: Uncaught exception in activity  GetComponentSetCoordinates [nested org.apache.axis.AxisFault: ; nested exception is: 
	java.net.ConnectException: Connection refused: connect] [com.tilab.wade.performer.WorkflowEngineAgent handleEvent()]
2020-02-25 20:50:28.803 WARNING: Agent assembler@TOYS-ASSEMBLER - Executor DESKTOP-4MO2C6R:-3bb964c8:1707eef33ba:-7fd9:2: com.tilab.wade.performer.event.ExecutionErrorEvent in workflow toysassembler.workflows.AssemblingToysWorkflow, activity GetComponentSetCoordinates. Exception is com.tilab.wade.performer.WorkflowException: Uncaught exception in activity  GetComponentSetCoordinates [nested org.apache.axis.AxisFault: ; nested exception is: 
	java.net.ConnectException: Connection refused: connect] [com.tilab.wade.performer.WorkflowEngineAgent handleEvent()]
2020-02-25 20:50:28.818 INFO: Agent assembler@TOYS-ASSEMBLER - Executor DESKTOP-4MO2C6R:-3bb964c8:1707eef33ba:-7fd9:1: FAILED. [com.tilab.wade.performer.WorkflowEngineAgent$WorkflowExecutor$2 handle()]
2020-02-25 20:50:28.818 INFO: Agent assembler@TOYS-ASSEMBLER - Executor DESKTOP-4MO2C6R:-3bb964c8:1707eef33ba:-7fd9:3: FAILED. [com.tilab.wade.performer.WorkflowEngineAgent$WorkflowExecutor$2 handle()]
2020-02-25 20:50:28.818 INFO: Agent assembler@TOYS-ASSEMBLER - Executor DESKTOP-4MO2C6R:-3bb964c8:1707eef33ba:-7fd9:3: TERMINATED. [com.tilab.wade.performer.WorkflowEngineAgent$WorkflowExecutor terminate()]
2020-02-25 20:50:28.818 INFO: Agent assembler@TOYS-ASSEMBLER - Executor DESKTOP-4MO2C6R:-3bb964c8:1707eef33ba:-7fd9:1: TERMINATED. [com.tilab.wade.performer.WorkflowEngineAgent$WorkflowExecutor terminate()]
2020-02-25 20:50:28.818 WARNING: Agent assembler - Controller assembler-0-1582681816136 FAILURE received. [com.tilab.wade.dispatcher.DispatchingCapabilities$ExecutionControllerBehaviour handleFailure()]
2020-02-25 20:50:28.828 INFO: Agent assembler@TOYS-ASSEMBLER - Executor DESKTOP-4MO2C6R:-3bb964c8:1707eef33ba:-7fd9:2: FAILED. [com.tilab.wade.performer.WorkflowEngineAgent$WorkflowExecutor$2 handle()]
2020-02-25 20:50:28.829 INFO: Agent assembler@TOYS-ASSEMBLER - Executor DESKTOP-4MO2C6R:-3bb964c8:1707eef33ba:-7fd9:2: TERMINATED. [com.tilab.wade.performer.WorkflowEngineAgent$WorkflowExecutor terminate()]
2020-02-25 20:50:31.577 WARNING: Agent assembler - Controller assembler-2-1582681820718 FAILURE received. [com.tilab.wade.dispatcher.DispatchingCapabilities$ExecutionControllerBehaviour handleFailure()]
2020-02-25 20:50:32.514 WARNING: Agent assembler - Controller assembler-1-1582681819996 FAILURE received. [com.tilab.wade.dispatcher.DispatchingCapabilities$ExecutionControllerBehaviour handleFailure()]
2020-02-25 20:50:35.422 INFO: Agent assembler@TOYS-ASSEMBLER - Executor DESKTOP-4MO2C6R:-3bb964c8:1707eef33ba:-7fd9:4: STARTED. [com.tilab.wade.performer.WorkflowEngineAgent$WorkflowExecutor onStart()]
2020-02-25 20:50:36.478 WARNING: Agent assembler@TOYS-ASSEMBLER - Executor DESKTOP-4MO2C6R:-3bb964c8:1707eef33ba:-7fd9:4: com.tilab.wade.performer.event.ExecutionErrorEvent in workflow toysassembler.workflows.AssemblingToysWorkflow, activity GetComponentSetCoordinates. Exception is com.tilab.wade.performer.WorkflowException: Uncaught exception in activity  GetComponentSetCoordinates [nested org.apache.axis.AxisFault: ; nested exception is: 
	java.net.ConnectException: Connection refused: connect] [com.tilab.wade.performer.WorkflowEngineAgent handleEvent()]
2020-02-25 20:50:36.478 INFO: Agent assembler@TOYS-ASSEMBLER - Executor DESKTOP-4MO2C6R:-3bb964c8:1707eef33ba:-7fd9:4: FAILED. [com.tilab.wade.performer.WorkflowEngineAgent$WorkflowExecutor$2 handle()]
2020-02-25 20:50:36.478 INFO: Agent assembler@TOYS-ASSEMBLER - Executor DESKTOP-4MO2C6R:-3bb964c8:1707eef33ba:-7fd9:4: TERMINATED. [com.tilab.wade.performer.WorkflowEngineAgent$WorkflowExecutor terminate()]
2020-02-25 20:50:36.494 WARNING: Agent assembler - Controller assembler-3-1582681835422 FAILURE received. [com.tilab.wade.dispatcher.DispatchingCapabilities$ExecutionControllerBehaviour handleFailure()]
2020-02-25 21:11:59.420 INFO: CA CA-Assembler@TOYS-ASSEMBLER - Agent assembler in container Assembler dead [com.tilab.wade.ca.ControllerAgent handleDeadAgent()]
2020-02-25 21:11:59.435 INFO: CA CA-Assembler@TOYS-ASSEMBLER: Re-starting local agent assembler. Class = toysassembler.assembler.AssemblerAgent arguments = {AGENT-LOCATION=Assembler, AGENT-ROLE=Workflow Executor, AGENT-TYPE=Assembler Agent, HOSTNAME=desktop-4mo2c6r, AGENT-CLASSNAME=toysassembler.assembler.AssemblerAgent, _RESTARTING=true, HOSTADDRESS=10.0.75.1, AGENT-OWNER=NONE} [com.tilab.wade.ca.ControllerAgent restartLocalAgent()]
2020-02-25 21:11:59.435 INFO: CA CA-Searchers@TOYS-ASSEMBLER - Agent assembler in container Assembler dead [com.tilab.wade.ca.ControllerAgent handleDeadAgent()]
2020-02-25 21:11:59.439 INFO: CA CA-Assembler@TOYS-ASSEMBLER: Local agent assembler@TOYS-ASSEMBLER successfully re-started [com.tilab.wade.ca.ControllerAgent restartLocalAgent()]
2020-02-25 21:11:59.451 INFO: Agent assembler@TOYS-ASSEMBLER - Starting........... [com.tilab.wade.commons.WadeAgentImpl setup()]
2020-02-25 21:11:59.451 INFO: Agent assembler@TOYS-ASSEMBLER - Ready ... [com.tilab.wade.performer.WorkflowEngineAgent agentSpecificSetup()]
2020-02-25 21:11:59.623 INFO: Agent assembler@TOYS-ASSEMBLER - STARTUP COMPLETED SUCCESSFULLY! [com.tilab.wade.commons.WadeAgentImpl setup()]
2020-02-25 21:12:01.125 INFO: CA CA-Searchers@TOYS-ASSEMBLER - Agent assembler in container Assembler dead [com.tilab.wade.ca.ControllerAgent handleDeadAgent()]
2020-02-25 21:12:01.125 INFO: CA CA-Assembler@TOYS-ASSEMBLER - Agent assembler in container Assembler dead [com.tilab.wade.ca.ControllerAgent handleDeadAgent()]
2020-02-25 21:12:01.125 INFO: CA CA-Assembler@TOYS-ASSEMBLER: Re-starting local agent assembler. Class = toysassembler.assembler.AssemblerAgent arguments = {AGENT-LOCATION=Assembler, AGENT-ROLE=Workflow Executor, AGENT-TYPE=Assembler Agent, HOSTNAME=desktop-4mo2c6r, AGENT-CLASSNAME=toysassembler.assembler.AssemblerAgent, _RESTARTING=true, HOSTADDRESS=10.0.75.1, AGENT-OWNER=NONE} [com.tilab.wade.ca.ControllerAgent restartLocalAgent()]
2020-02-25 21:12:01.141 INFO: CA CA-Assembler@TOYS-ASSEMBLER: Local agent assembler@TOYS-ASSEMBLER successfully re-started [com.tilab.wade.ca.ControllerAgent restartLocalAgent()]
2020-02-25 21:12:01.141 INFO: Agent assembler@TOYS-ASSEMBLER - Starting........... [com.tilab.wade.commons.WadeAgentImpl setup()]
2020-02-25 21:12:01.156 INFO: Agent assembler@TOYS-ASSEMBLER - Ready ... [com.tilab.wade.performer.WorkflowEngineAgent agentSpecificSetup()]
2020-02-25 21:12:01.275 INFO: Agent assembler@TOYS-ASSEMBLER - STARTUP COMPLETED SUCCESSFULLY! [com.tilab.wade.commons.WadeAgentImpl setup()]
2020-02-25 21:12:05.585 INFO: CA CA-Assembler@TOYS-ASSEMBLER: PrepareForShutdown request received from cfa@TOYS-ASSEMBLER [com.tilab.wade.ca.ControllerAgent servePrepareForShutdown()]
2020-02-25 21:12:05.586 INFO: CA CA-Searchers@TOYS-ASSEMBLER: PrepareForShutdown request received from cfa@TOYS-ASSEMBLER [com.tilab.wade.ca.ControllerAgent servePrepareForShutdown()]
2020-02-25 21:12:05.764 INFO: CA CA-Searchers@TOYS-ASSEMBLER - Control agent CA-Assembler removed. [com.tilab.wade.ca.ControllerAgent handleDeadAgent()]
2020-02-25 21:12:05.780 INFO: Agent searcher2@TOYS-ASSEMBLER - Terminated [com.tilab.wade.performer.WorkflowEngineAgent takeDown()]
2020-02-25 21:12:05.780 INFO: Agent searcher1@TOYS-ASSEMBLER - Terminated [com.tilab.wade.performer.WorkflowEngineAgent takeDown()]
2020-02-25 21:12:05.795 INFO: MessageManager shutting down ... [jade.core.messaging.MessageManager shutdown()]
